#
# There is insufficient memory for the Java Runtime Environment to continue.
# Native memory allocation (malloc) failed to allocate 1443056 bytes for Chunk::new
# Possible reasons:
#   The system is out of physical RAM or swap space
#   The process is running with CompressedOops enabled, and the Java Heap may be blocking the growth of the native heap
# Possible solutions:
#   Reduce memory load on the system
#   Increase physical memory or swap space
#   Check if swap backing store is full
#   Decrease Java heap size (-Xmx/-Xms)
#   Decrease number of Java threads
#   Decrease Java thread stack sizes (-Xss)
#   Set larger code cache with -XX:ReservedCodeCacheSize=
#   JVM is running with Unscaled Compressed Oops mode in which the Java heap is
#     placed in the first 4GB address space. The Java Heap base address is the
#     maximum limit for the native heap growth. Please use -XX:HeapBaseMinAddress
#     to set the Java Heap base and to place the Java Heap above 4GB virtual address.
# This output file may be truncated or incomplete.
#
#  Out of Memory Error (./src/hotspot/share/memory/arena.cpp:197), pid=14936, tid=1284
#
# JRE version: OpenJDK Runtime Environment (11.0.10) (build 11.0.10+0-b96-7249189)
# Java VM: OpenJDK 64-Bit Server VM (11.0.10+0-b96-7249189, mixed mode, tiered, compressed oops, g1 gc, windows-amd64)
# No core dump will be written. Minidumps are not enabled by default on client versions of Windows
#

---------------  S U M M A R Y ------------

Command Line: --add-opens=java.base/java.util=ALL-UNNAMED --add-opens=java.base/java.lang=ALL-UNNAMED --add-opens=java.base/java.lang.invoke=ALL-UNNAMED --add-opens=java.base/java.util=ALL-UNNAMED --add-opens=java.prefs/java.util.prefs=ALL-UNNAMED --add-opens=java.prefs/java.util.prefs=ALL-UNNAMED --add-opens=java.base/java.nio.charset=ALL-UNNAMED --add-opens=java.base/java.net=ALL-UNNAMED --add-opens=java.base/java.util.concurrent.atomic=ALL-UNNAMED -Xmx2048m -Dfile.encoding=UTF-8 -Duser.country=RU -Duser.language=ru -Duser.variant org.gradle.launcher.daemon.bootstrap.GradleDaemon 7.0.2

Host: Intel(R) Core(TM) i7-7700 CPU @ 3.60GHz, 8 cores, 15G,  Windows 10 , 64 bit Build 19041 (10.0.19041.1202)
Time: Tue Oct  5 12:33:05 2021 Беларусь (зима) elapsed time: 17.804641 seconds (0d 0h 0m 17s)

---------------  T H R E A D  ---------------

Current thread (0x000001bd9c6ca800):  JavaThread "C2 CompilerThread1" daemon [_thread_in_native, id=1284, stack(0x0000002d91600000,0x0000002d91700000)]


Current CompileTask:
C2:  17804 11415   !   4       java.net.URLClassLoader$1::run (63 bytes)

Stack: [0x0000002d91600000,0x0000002d91700000]
Native frames: (J=compiled Java code, j=interpreted, Vv=VM code, C=native code)
V  [jvm.dll+0x5ecfaa]
V  [jvm.dll+0x722bd5]
V  [jvm.dll+0x72412d]
V  [jvm.dll+0x7247e3]
V  [jvm.dll+0x242928]
V  [jvm.dll+0xbc4fc]
V  [jvm.dll+0xbca0c]
V  [jvm.dll+0x352d3b]
V  [jvm.dll+0x320ad3]
V  [jvm.dll+0x31ffca]
V  [jvm.dll+0x1fb602]
V  [jvm.dll+0x1fa7f4]
V  [jvm.dll+0x18354c]
V  [jvm.dll+0x208ee7]
V  [jvm.dll+0x207731]
V  [jvm.dll+0x6eb1cf]
V  [jvm.dll+0x6e3d45]
V  [jvm.dll+0x5ebe96]
C  [ucrtbase.dll+0x21bb2]
C  [KERNEL32.DLL+0x17034]
C  [ntdll.dll+0x52651]


---------------  P R O C E S S  ---------------

Threads class SMR info:
_java_thread_list=0x000001bd99d758e0, length=75, elements={
0x000001bdfda93000, 0x000001bd98a40000, 0x000001bd98a49000, 0x000001bd98a63000,
0x000001bd98a64000, 0x000001bd98a65000, 0x000001bd98a68800, 0x000001bd98aad800,
0x000001bd98ac1800, 0x000001bd98c32800, 0x000001bd9a0f7800, 0x000001bd9b427800,
0x000001bd9aa41800, 0x000001bd9a3ec000, 0x000001bd9acd5000, 0x000001bd9a25b800,
0x000001bd9ac31800, 0x000001bd9b1d1000, 0x000001bd9ac63800, 0x000001bd9afe2000,
0x000001bd9afe2800, 0x000001bd9afe5000, 0x000001bd9afe6000, 0x000001bd9afe7800,
0x000001bd9afe3800, 0x000001bd9afe8800, 0x000001bd9afe4000, 0x000001bd9afe6800,
0x000001bd9b7c3800, 0x000001bd9b7c0800, 0x000001bd9b7c5000, 0x000001bd9b7c2800,
0x000001bd9b7bf800, 0x000001bd9b7c1000, 0x000001bd9b7ca000, 0x000001bd9b7c9800,
0x000001bd9b7c6000, 0x000001bd9b7c7000, 0x000001bd9b7c4800, 0x000001bd9b7cb800,
0x000001bd9b7cc800, 0x000001bd9b7cd800, 0x000001bd9b7c7800, 0x000001bd9b7cb000,
0x000001bd9b7ce000, 0x000001bd9b7c8800, 0x000001bd9ed1f800, 0x000001bd9ed1c800,
0x000001bd9ed23000, 0x000001bd9ed1d000, 0x000001bd9ed1e000, 0x000001bd9ed24800,
0x000001bd9ed22000, 0x000001bd9ed26000, 0x000001bd9ed25800, 0x000001bd9ed20800,
0x000001bd9ed27000, 0x000001bd9ed21000, 0x000001bd9ed27800, 0x000001bd9ed28800,
0x000001bd9ed2a000, 0x000001bda0364800, 0x000001bda0366000, 0x000001bda0368000,
0x000001bda0362000, 0x000001bda0367000, 0x000001bda0368800, 0x000001bda0363800,
0x000001bda0363000, 0x000001bd9ed29800, 0x000001bd9fb5b800, 0x000001bd9fb5f000,
0x000001bd9fb60800, 0x000001bd9fb5c800, 0x000001bd9c6ca800
}

Java Threads: ( => current thread )
  0x000001bdfda93000 JavaThread "main" [_thread_blocked, id=6292, stack(0x0000002d8bd00000,0x0000002d8be00000)]
  0x000001bd98a40000 JavaThread "Reference Handler" daemon [_thread_blocked, id=14452, stack(0x0000002d8c400000,0x0000002d8c500000)]
  0x000001bd98a49000 JavaThread "Finalizer" daemon [_thread_blocked, id=11664, stack(0x0000002d8c500000,0x0000002d8c600000)]
  0x000001bd98a63000 JavaThread "Signal Dispatcher" daemon [_thread_blocked, id=11192, stack(0x0000002d8c600000,0x0000002d8c700000)]
  0x000001bd98a64000 JavaThread "Attach Listener" daemon [_thread_blocked, id=14860, stack(0x0000002d8c700000,0x0000002d8c800000)]
  0x000001bd98a65000 JavaThread "Service Thread" daemon [_thread_blocked, id=13804, stack(0x0000002d8c800000,0x0000002d8c900000)]
  0x000001bd98a68800 JavaThread "C2 CompilerThread0" daemon [_thread_in_native, id=14464, stack(0x0000002d8c900000,0x0000002d8ca00000)]
  0x000001bd98aad800 JavaThread "C1 CompilerThread0" daemon [_thread_blocked, id=5676, stack(0x0000002d8ca00000,0x0000002d8cb00000)]
  0x000001bd98ac1800 JavaThread "Sweeper thread" daemon [_thread_blocked, id=14176, stack(0x0000002d8cb00000,0x0000002d8cc00000)]
  0x000001bd98c32800 JavaThread "Common-Cleaner" daemon [_thread_blocked, id=12176, stack(0x0000002d8cc00000,0x0000002d8cd00000)]
  0x000001bd9a0f7800 JavaThread "Daemon health stats" [_thread_blocked, id=11608, stack(0x0000002d8d500000,0x0000002d8d600000)]
  0x000001bd9b427800 JavaThread "Incoming local TCP Connector on port 53875" [_thread_in_native, id=3136, stack(0x0000002d8d600000,0x0000002d8d700000)]
  0x000001bd9aa41800 JavaThread "Daemon periodic checks" [_thread_blocked, id=1920, stack(0x0000002d8d700000,0x0000002d8d800000)]
  0x000001bd9a3ec000 JavaThread "Daemon" [_thread_blocked, id=14972, stack(0x0000002d8d800000,0x0000002d8d900000)]
  0x000001bd9acd5000 JavaThread "Handler for socket connection from /127.0.0.1:53875 to /127.0.0.1:53876" [_thread_in_native, id=2820, stack(0x0000002d8d900000,0x0000002d8da00000)]
  0x000001bd9a25b800 JavaThread "Cancel handler" [_thread_blocked, id=756, stack(0x0000002d8da00000,0x0000002d8db00000)]
  0x000001bd9ac31800 JavaThread "Daemon worker" [_thread_blocked, id=11368, stack(0x0000002d8db00000,0x0000002d8dc00000)]
  0x000001bd9b1d1000 JavaThread "Asynchronous log dispatcher for DefaultDaemonConnection: socket connection from /127.0.0.1:53875 to /127.0.0.1:53876" [_thread_blocked, id=11156, stack(0x0000002d8dc00000,0x0000002d8dd00000)]
  0x000001bd9ac63800 JavaThread "Stdin handler" [_thread_blocked, id=1168, stack(0x0000002d8dd00000,0x0000002d8de00000)]
  0x000001bd9afe2000 JavaThread "Daemon client event forwarder" [_thread_blocked, id=5976, stack(0x0000002d8de00000,0x0000002d8df00000)]
  0x000001bd9afe2800 JavaThread "Cache worker for file hash cache (C:\Users\Sergey Ivanenko\.gradle\caches\7.0.2\fileHashes)" [_thread_blocked, id=14480, stack(0x0000002d8ce00000,0x0000002d8cf00000)]
  0x000001bd9afe5000 JavaThread "File lock request listener" [_thread_in_native, id=15212, stack(0x0000002d8cf00000,0x0000002d8d000000)]
  0x000001bd9afe6000 JavaThread "Cache worker for journal cache (C:\Users\Sergey Ivanenko\.gradle\caches\journal-1)" [_thread_blocked, id=8468, stack(0x0000002d8e200000,0x0000002d8e300000)]
  0x000001bd9afe7800 JavaThread "Cache worker for file hash cache (D:\Development\android\rsschool\Android-2021-Task-5\.gradle\7.0.2\fileHashes)" [_thread_blocked, id=2228, stack(0x0000002d8e400000,0x0000002d8e500000)]
  0x000001bd9afe3800 JavaThread "File watcher server" daemon [_thread_in_native, id=13464, stack(0x0000002d8e500000,0x0000002d8e600000)]
  0x000001bd9afe8800 JavaThread "File watcher consumer" daemon [_thread_blocked, id=760, stack(0x0000002d8e600000,0x0000002d8e700000)]
  0x000001bd9afe4000 JavaThread "Cache worker for checksums cache (D:\Development\android\rsschool\Android-2021-Task-5\.gradle\checksums)" [_thread_blocked, id=9784, stack(0x0000002d8e700000,0x0000002d8e800000)]
  0x000001bd9afe6800 JavaThread "Cache worker for cache directory md-supplier (C:\Users\Sergey Ivanenko\.gradle\caches\7.0.2\md-supplier)" [_thread_blocked, id=15284, stack(0x0000002d8e800000,0x0000002d8e900000)]
  0x000001bd9b7c3800 JavaThread "Cache worker for cache directory md-rule (C:\Users\Sergey Ivanenko\.gradle\caches\7.0.2\md-rule)" [_thread_blocked, id=14656, stack(0x0000002d8e900000,0x0000002d8ea00000)]
  0x000001bd9b7c0800 JavaThread "Cache worker for execution history cache (C:\Users\Sergey Ivanenko\.gradle\caches\7.0.2\executionHistory)" [_thread_blocked, id=10900, stack(0x0000002d8eb00000,0x0000002d8ec00000)]
  0x000001bd9b7c5000 JavaThread "Cache worker for kotlin-dsl (C:\Users\Sergey Ivanenko\.gradle\caches\7.0.2\kotlin-dsl)" [_thread_blocked, id=14896, stack(0x0000002d8ec00000,0x0000002d8ed00000)]
  0x000001bd9b7c2800 JavaThread "jar transforms" [_thread_blocked, id=14876, stack(0x0000002d8ed00000,0x0000002d8ee00000)]
  0x000001bd9b7bf800 JavaThread "Cache worker for dependencies-accessors (D:\Development\android\rsschool\Android-2021-Task-5\.gradle\7.0.2\dependencies-accessors)" [_thread_blocked, id=7500, stack(0x0000002d8ee00000,0x0000002d8ef00000)]
  0x000001bd9b7c1000 JavaThread "Cache worker for Build Output Cleanup Cache (D:\Development\android\rsschool\Android-2021-Task-5\.gradle\buildOutputCleanup)" [_thread_blocked, id=7148, stack(0x0000002d8ef00000,0x0000002d8f000000)]
  0x000001bd9b7ca000 JavaThread "jar transforms Thread 2" [_thread_blocked, id=5400, stack(0x0000002d8f000000,0x0000002d8f100000)]
  0x000001bd9b7c9800 JavaThread "Build operations" [_thread_blocked, id=6948, stack(0x0000002d8f100000,0x0000002d8f200000)]
  0x000001bd9b7c6000 JavaThread "Build operations Thread 2" [_thread_blocked, id=14420, stack(0x0000002d8f200000,0x0000002d8f300000)]
  0x000001bd9b7c7000 JavaThread "Build operations Thread 3" [_thread_blocked, id=2484, stack(0x0000002d8f300000,0x0000002d8f400000)]
  0x000001bd9b7c4800 JavaThread "Build operations Thread 4" [_thread_blocked, id=8400, stack(0x0000002d8f400000,0x0000002d8f500000)]
  0x000001bd9b7cb800 JavaThread "Build operations Thread 5" [_thread_blocked, id=4696, stack(0x0000002d8f500000,0x0000002d8f600000)]
  0x000001bd9b7cc800 JavaThread "Build operations Thread 6" [_thread_blocked, id=15068, stack(0x0000002d8f600000,0x0000002d8f700000)]
  0x000001bd9b7cd800 JavaThread "Build operations Thread 7" [_thread_blocked, id=11448, stack(0x0000002d8f700000,0x0000002d8f800000)]
  0x000001bd9b7c7800 JavaThread "Build operations Thread 8" [_thread_blocked, id=14396, stack(0x0000002d8f800000,0x0000002d8f900000)]
  0x000001bd9b7cb000 JavaThread "jar transforms Thread 3" [_thread_blocked, id=1580, stack(0x0000002d8f900000,0x0000002d8fa00000)]
  0x000001bd9b7ce000 JavaThread "jar transforms Thread 4" [_thread_blocked, id=9084, stack(0x0000002d8fa00000,0x0000002d8fb00000)]
  0x000001bd9b7c8800 JavaThread "jar transforms Thread 5" [_thread_blocked, id=4924, stack(0x0000002d8fb00000,0x0000002d8fc00000)]
  0x000001bd9ed1f800 JavaThread "jar transforms Thread 6" [_thread_blocked, id=7304, stack(0x0000002d8fc00000,0x0000002d8fd00000)]
  0x000001bd9ed1c800 JavaThread "jar transforms Thread 7" [_thread_blocked, id=5432, stack(0x0000002d8fd00000,0x0000002d8fe00000)]
  0x000001bd9ed23000 JavaThread "jar transforms Thread 8" [_thread_blocked, id=8460, stack(0x0000002d8fe00000,0x0000002d8ff00000)]
  0x000001bd9ed1d000 JavaThread "Cache worker for file content cache (C:\Users\Sergey Ivanenko\.gradle\caches\7.0.2\fileContent)" [_thread_blocked, id=13680, stack(0x0000002d8ea00000,0x0000002d8eb00000)]
  0x000001bd9ed1e000 JavaThread "Memory manager" [_thread_blocked, id=12040, stack(0x0000002d8ff00000,0x0000002d90000000)]
  0x000001bd9ed24800 JavaThread "build event listener" [_thread_blocked, id=14596, stack(0x0000002d90100000,0x0000002d90200000)]
  0x000001bd9ed22000 JavaThread "Execution worker for ':'" [_thread_blocked, id=1260, stack(0x0000002d90200000,0x0000002d90300000)]
  0x000001bd9ed26000 JavaThread "Execution worker for ':' Thread 2" [_thread_blocked, id=12784, stack(0x0000002d90300000,0x0000002d90400000)]
  0x000001bd9ed25800 JavaThread "Execution worker for ':' Thread 3" [_thread_blocked, id=2780, stack(0x0000002d90400000,0x0000002d90500000)]
  0x000001bd9ed20800 JavaThread "Execution worker for ':' Thread 4" [_thread_blocked, id=11772, stack(0x0000002d90500000,0x0000002d90600000)]
  0x000001bd9ed27000 JavaThread "Execution worker for ':' Thread 5" [_thread_blocked, id=7904, stack(0x0000002d90600000,0x0000002d90700000)]
  0x000001bd9ed21000 JavaThread "Execution worker for ':' Thread 6" [_thread_blocked, id=11748, stack(0x0000002d90700000,0x0000002d90800000)]
  0x000001bd9ed27800 JavaThread "Execution worker for ':' Thread 7" [_thread_blocked, id=2504, stack(0x0000002d90800000,0x0000002d90900000)]
  0x000001bd9ed28800 JavaThread "Cache worker for execution history cache (D:\Development\android\rsschool\Android-2021-Task-5\.gradle\7.0.2\executionHistory)" [_thread_blocked, id=8148, stack(0x0000002d90900000,0x0000002d90a00000)]
  0x000001bd9ed2a000 JavaThread "RMI Scheduler(0)" daemon [_thread_blocked, id=8640, stack(0x0000002d8e300000,0x0000002d8e400000)]
  0x000001bda0364800 JavaThread "RMI GC Daemon" daemon [_thread_blocked, id=12160, stack(0x0000002d90a00000,0x0000002d90b00000)]
  0x000001bda0366000 JavaThread "RMI TCP Accept-0" daemon [_thread_in_native, id=7024, stack(0x0000002d90c00000,0x0000002d90d00000)]
  0x000001bda0368000 JavaThread "RMI Reaper" [_thread_blocked, id=3068, stack(0x0000002d90d00000,0x0000002d90e00000)]
  0x000001bda0362000 JavaThread "RMI TCP Connection(1)-127.0.0.1" daemon [_thread_in_native, id=15036, stack(0x0000002d90e00000,0x0000002d90f00000)]
  0x000001bda0367000 JavaThread "WorkerExecutor Queue" [_thread_blocked, id=2352, stack(0x0000002d90000000,0x0000002d90100000)]
  0x000001bda0368800 JavaThread "WorkerExecutor Queue Thread 2" [_thread_in_vm, id=4736, stack(0x0000002d90b00000,0x0000002d90c00000)]
  0x000001bda0363800 JavaThread "WorkerExecutor Queue Thread 3" [_thread_blocked, id=9460, stack(0x0000002d90f00000,0x0000002d91000000)]
  0x000001bda0363000 JavaThread "WorkerExecutor Queue Thread 4" [_thread_blocked, id=5808, stack(0x0000002d91000000,0x0000002d91100000)]
  0x000001bd9ed29800 JavaThread "WorkerExecutor Queue Thread 5" [_thread_blocked, id=9324, stack(0x0000002d91100000,0x0000002d91200000)]
  0x000001bd9fb5b800 JavaThread "WorkerExecutor Queue Thread 6" [_thread_blocked, id=1756, stack(0x0000002d91200000,0x0000002d91300000)]
  0x000001bd9fb5f000 JavaThread "WorkerExecutor Queue Thread 7" [_thread_blocked, id=8432, stack(0x0000002d91300000,0x0000002d91400000)]
  0x000001bd9fb60800 JavaThread "WorkerExecutor Queue Thread 8" [_thread_blocked, id=11712, stack(0x0000002d91400000,0x0000002d91500000)]
  0x000001bd9fb5c800 JavaThread "WorkerExecutor Queue Thread 9" [_thread_blocked, id=12420, stack(0x0000002d91500000,0x0000002d91600000)]
=>0x000001bd9c6ca800 JavaThread "C2 CompilerThread1" daemon [_thread_in_native, id=1284, stack(0x0000002d91600000,0x0000002d91700000)]

Other Threads:
  0x000001bdff51e000 VMThread "VM Thread" [stack: 0x0000002d8c300000,0x0000002d8c400000] [id=15312]
  0x000001bd98c78800 WatcherThread [stack: 0x0000002d8cd00000,0x0000002d8ce00000] [id=1380]
  0x000001bdfdaa7800 GCTaskThread "GC Thread#0" [stack: 0x0000002d8be00000,0x0000002d8bf00000] [id=14684]
  0x000001bd99372800 GCTaskThread "GC Thread#1" [stack: 0x0000002d8d000000,0x0000002d8d100000] [id=12444]
  0x000001bd99373800 GCTaskThread "GC Thread#2" [stack: 0x0000002d8d100000,0x0000002d8d200000] [id=13148]
  0x000001bd99374000 GCTaskThread "GC Thread#3" [stack: 0x0000002d8d200000,0x0000002d8d300000] [id=4812]
  0x000001bd9910d800 GCTaskThread "GC Thread#4" [stack: 0x0000002d8d300000,0x0000002d8d400000] [id=7492]
  0x000001bd9910e800 GCTaskThread "GC Thread#5" [stack: 0x0000002d8d400000,0x0000002d8d500000] [id=1356]
  0x000001bd9bdd7800 GCTaskThread "GC Thread#6" [stack: 0x0000002d8df00000,0x0000002d8e000000] [id=5784]
  0x000001bd9ac32000 GCTaskThread "GC Thread#7" [stack: 0x0000002d8e000000,0x0000002d8e100000] [id=13964]
  0x000001bdfdad9000 ConcurrentGCThread "G1 Main Marker" [stack: 0x0000002d8bf00000,0x0000002d8c000000] [id=6360]
  0x000001bdfdada800 ConcurrentGCThread "G1 Conc#0" [stack: 0x0000002d8c000000,0x0000002d8c100000] [id=7048]
  0x000001bd98cf1800 ConcurrentGCThread "G1 Conc#1" [stack: 0x0000002d8e100000,0x0000002d8e200000] [id=4728]
  0x000001bdff39a800 ConcurrentGCThread "G1 Refine#0" [stack: 0x0000002d8c100000,0x0000002d8c200000] [id=14648]
  0x000001bdff39b000 ConcurrentGCThread "G1 Young RemSet Sampling" [stack: 0x0000002d8c200000,0x0000002d8c300000] [id=15004]

Threads with active compile tasks:
C2 CompilerThread0  17834 11414       4       java.net.URLClassLoader$1::run (5 bytes)
C2 CompilerThread1  17834 11415   !   4       java.net.URLClassLoader$1::run (63 bytes)

VM state:not at safepoint (normal execution)

VM Mutex/Monitor currently owned by a thread: None

Heap address: 0x0000000080000000, size: 2048 MB, Compressed Oops mode: 32-bit
Narrow klass base: 0x0000000000000000, Narrow klass shift: 3
Compressed class space size: 1073741824 Address: 0x0000000100000000

Heap:
 garbage-first heap   total 258048K, used 98144K [0x0000000080000000, 0x0000000100000000)
  region size 1024K, 15 young (15360K), 7 survivors (7168K)
 Metaspace       used 99753K, capacity 102333K, committed 102528K, reserved 1138688K
  class space    used 13160K, capacity 14146K, committed 14208K, reserved 1048576K
Heap Regions: E=young(eden), S=young(survivor), O=old, HS=humongous(starts), HC=humongous(continues), CS=collection set, F=free, A=archive, TAMS=top-at-mark-start (previous, next)
|   0|0x0000000080000000, 0x0000000080100000, 0x0000000080100000|100%| O|  |TAMS 0x0000000080100000, 0x0000000080000000| Untracked 
|   1|0x0000000080100000, 0x0000000080200000, 0x0000000080200000|100%| O|  |TAMS 0x0000000080200000, 0x0000000080100000| Untracked 
|   2|0x0000000080200000, 0x0000000080300000, 0x0000000080300000|100%| O|  |TAMS 0x0000000080300000, 0x0000000080200000| Untracked 
|   3|0x0000000080300000, 0x0000000080400000, 0x0000000080400000|100%|HS|  |TAMS 0x0000000080400000, 0x0000000080300000| Complete 
|   4|0x0000000080400000, 0x0000000080500000, 0x0000000080500000|100%|HC|  |TAMS 0x0000000080500000, 0x0000000080400000| Complete 
|   5|0x0000000080500000, 0x0000000080600000, 0x0000000080600000|100%|HC|  |TAMS 0x0000000080600000, 0x0000000080500000| Complete 
|   6|0x0000000080600000, 0x0000000080700000, 0x0000000080700000|100%| O|  |TAMS 0x0000000080700000, 0x0000000080600000| Untracked 
|   7|0x0000000080700000, 0x0000000080800000, 0x0000000080800000|100%| O|  |TAMS 0x0000000080800000, 0x0000000080700000| Untracked 
|   8|0x0000000080800000, 0x0000000080900000, 0x0000000080900000|100%| O|  |TAMS 0x0000000080900000, 0x0000000080800000| Untracked 
|   9|0x0000000080900000, 0x0000000080a00000, 0x0000000080a00000|100%| O|  |TAMS 0x0000000080a00000, 0x0000000080900000| Untracked 
|  10|0x0000000080a00000, 0x0000000080b00000, 0x0000000080b00000|100%| O|  |TAMS 0x0000000080b00000, 0x0000000080a00000| Untracked 
|  11|0x0000000080b00000, 0x0000000080c00000, 0x0000000080c00000|100%| O|  |TAMS 0x0000000080c00000, 0x0000000080b00000| Untracked 
|  12|0x0000000080c00000, 0x0000000080d00000, 0x0000000080d00000|100%| O|  |TAMS 0x0000000080d00000, 0x0000000080c00000| Untracked 
|  13|0x0000000080d00000, 0x0000000080e00000, 0x0000000080e00000|100%| O|  |TAMS 0x0000000080e00000, 0x0000000080d00000| Untracked 
|  14|0x0000000080e00000, 0x0000000080f00000, 0x0000000080f00000|100%| O|  |TAMS 0x0000000080f00000, 0x0000000080e00000| Untracked 
|  15|0x0000000080f00000, 0x0000000081000000, 0x0000000081000000|100%| O|  |TAMS 0x0000000081000000, 0x0000000080f00000| Untracked 
|  16|0x0000000081000000, 0x0000000081100000, 0x0000000081100000|100%|HS|  |TAMS 0x0000000081100000, 0x0000000081000000| Complete 
|  17|0x0000000081100000, 0x0000000081200000, 0x0000000081200000|100%|HS|  |TAMS 0x0000000081200000, 0x0000000081100000| Complete 
|  18|0x0000000081200000, 0x0000000081300000, 0x0000000081300000|100%|HS|  |TAMS 0x0000000081300000, 0x0000000081200000| Complete 
|  19|0x0000000081300000, 0x0000000081400000, 0x0000000081400000|100%|HS|  |TAMS 0x0000000081400000, 0x0000000081300000| Complete 
|  20|0x0000000081400000, 0x0000000081500000, 0x0000000081500000|100%|HC|  |TAMS 0x0000000081500000, 0x0000000081400000| Complete 
|  21|0x0000000081500000, 0x0000000081600000, 0x0000000081600000|100%|HC|  |TAMS 0x0000000081600000, 0x0000000081500000| Complete 
|  22|0x0000000081600000, 0x0000000081700000, 0x0000000081700000|100%|HS|  |TAMS 0x0000000081700000, 0x0000000081600000| Complete 
|  23|0x0000000081700000, 0x0000000081800000, 0x0000000081800000|100%|HC|  |TAMS 0x0000000081800000, 0x0000000081700000| Complete 
|  24|0x0000000081800000, 0x0000000081900000, 0x0000000081900000|100%| O|  |TAMS 0x0000000081900000, 0x0000000081800000| Untracked 
|  25|0x0000000081900000, 0x0000000081a00000, 0x0000000081a00000|100%| O|  |TAMS 0x0000000081a00000, 0x0000000081900000| Untracked 
|  26|0x0000000081a00000, 0x0000000081b00000, 0x0000000081b00000|100%| O|  |TAMS 0x0000000081b00000, 0x0000000081a00000| Untracked 
|  27|0x0000000081b00000, 0x0000000081c00000, 0x0000000081c00000|100%| O|  |TAMS 0x0000000081c00000, 0x0000000081b00000| Untracked 
|  28|0x0000000081c00000, 0x0000000081d00000, 0x0000000081d00000|100%| O|  |TAMS 0x0000000081d00000, 0x0000000081c00000| Untracked 
|  29|0x0000000081d00000, 0x0000000081e00000, 0x0000000081e00000|100%| O|  |TAMS 0x0000000081e00000, 0x0000000081d00000| Untracked 
|  30|0x0000000081e00000, 0x0000000081f00000, 0x0000000081f00000|100%| O|  |TAMS 0x0000000081f00000, 0x0000000081e00000| Untracked 
|  31|0x0000000081f00000, 0x0000000082000000, 0x0000000082000000|100%| O|  |TAMS 0x0000000082000000, 0x0000000081f00000| Untracked 
|  32|0x0000000082000000, 0x0000000082100000, 0x0000000082100000|100%| O|  |TAMS 0x0000000082100000, 0x0000000082000000| Untracked 
|  33|0x0000000082100000, 0x0000000082200000, 0x0000000082200000|100%| O|  |TAMS 0x0000000082200000, 0x0000000082100000| Untracked 
|  34|0x0000000082200000, 0x0000000082300000, 0x0000000082300000|100%| O|  |TAMS 0x0000000082300000, 0x0000000082200000| Untracked 
|  35|0x0000000082300000, 0x0000000082400000, 0x0000000082400000|100%| O|  |TAMS 0x0000000082400000, 0x0000000082300000| Untracked 
|  36|0x0000000082400000, 0x0000000082500000, 0x0000000082500000|100%| O|  |TAMS 0x0000000082500000, 0x0000000082400000| Untracked 
|  37|0x0000000082500000, 0x0000000082600000, 0x0000000082600000|100%| O|  |TAMS 0x0000000082600000, 0x0000000082500000| Untracked 
|  38|0x0000000082600000, 0x0000000082700000, 0x0000000082700000|100%| O|  |TAMS 0x0000000082700000, 0x0000000082600000| Untracked 
|  39|0x0000000082700000, 0x0000000082800000, 0x0000000082800000|100%| O|  |TAMS 0x0000000082800000, 0x0000000082700000| Untracked 
|  40|0x0000000082800000, 0x0000000082900000, 0x0000000082900000|100%| O|  |TAMS 0x0000000082900000, 0x0000000082800000| Untracked 
|  41|0x0000000082900000, 0x0000000082a00000, 0x0000000082a00000|100%| O|  |TAMS 0x0000000082a00000, 0x0000000082900000| Untracked 
|  42|0x0000000082a00000, 0x0000000082b00000, 0x0000000082b00000|100%| O|  |TAMS 0x0000000082b00000, 0x0000000082a00000| Untracked 
|  43|0x0000000082b00000, 0x0000000082c00000, 0x0000000082c00000|100%| O|  |TAMS 0x0000000082c00000, 0x0000000082b00000| Untracked 
|  44|0x0000000082c00000, 0x0000000082d00000, 0x0000000082d00000|100%| O|  |TAMS 0x0000000082d00000, 0x0000000082c00000| Untracked 
|  45|0x0000000082d00000, 0x0000000082e00000, 0x0000000082e00000|100%| O|  |TAMS 0x0000000082e00000, 0x0000000082d00000| Untracked 
|  46|0x0000000082e00000, 0x0000000082f00000, 0x0000000082f00000|100%| O|  |TAMS 0x0000000082ebe200, 0x0000000082e00000| Untracked 
|  47|0x0000000082f00000, 0x0000000083000000, 0x0000000083000000|100%| O|  |TAMS 0x0000000082f00000, 0x0000000082f00000| Untracked 
|  48|0x0000000083000000, 0x0000000083100000, 0x0000000083100000|100%| O|  |TAMS 0x0000000083000000, 0x0000000083000000| Untracked 
|  49|0x0000000083100000, 0x0000000083200000, 0x0000000083200000|100%| O|  |TAMS 0x0000000083100000, 0x0000000083100000| Untracked 
|  50|0x0000000083200000, 0x0000000083300000, 0x0000000083300000|100%| O|  |TAMS 0x0000000083200000, 0x0000000083200000| Untracked 
|  51|0x0000000083300000, 0x0000000083400000, 0x0000000083400000|100%| O|  |TAMS 0x0000000083300000, 0x0000000083300000| Untracked 
|  52|0x0000000083400000, 0x0000000083500000, 0x0000000083500000|100%| O|  |TAMS 0x0000000083400000, 0x0000000083400000| Untracked 
|  53|0x0000000083500000, 0x0000000083600000, 0x0000000083600000|100%| O|  |TAMS 0x0000000083500000, 0x0000000083500000| Untracked 
|  54|0x0000000083600000, 0x0000000083700000, 0x0000000083700000|100%| O|  |TAMS 0x0000000083600000, 0x0000000083600000| Untracked 
|  55|0x0000000083700000, 0x0000000083800000, 0x0000000083800000|100%| O|  |TAMS 0x0000000083700000, 0x0000000083700000| Untracked 
|  56|0x0000000083800000, 0x0000000083900000, 0x0000000083900000|100%| O|  |TAMS 0x0000000083800000, 0x0000000083800000| Untracked 
|  57|0x0000000083900000, 0x0000000083a00000, 0x0000000083a00000|100%| O|  |TAMS 0x0000000083900000, 0x0000000083900000| Untracked 
|  58|0x0000000083a00000, 0x0000000083b00000, 0x0000000083b00000|100%| O|  |TAMS 0x0000000083a00000, 0x0000000083a00000| Untracked 
|  59|0x0000000083b00000, 0x0000000083c00000, 0x0000000083c00000|100%| O|  |TAMS 0x0000000083b00000, 0x0000000083b00000| Untracked 
|  60|0x0000000083c00000, 0x0000000083d00000, 0x0000000083d00000|100%| O|  |TAMS 0x0000000083c00000, 0x0000000083c00000| Untracked 
|  61|0x0000000083d00000, 0x0000000083e00000, 0x0000000083e00000|100%| O|  |TAMS 0x0000000083d00000, 0x0000000083d00000| Untracked 
|  62|0x0000000083e00000, 0x0000000083f00000, 0x0000000083f00000|100%| O|  |TAMS 0x0000000083e00000, 0x0000000083e00000| Untracked 
|  63|0x0000000083f00000, 0x0000000084000000, 0x0000000084000000|100%| O|  |TAMS 0x0000000083f00000, 0x0000000083f00000| Untracked 
|  64|0x0000000084000000, 0x0000000084100000, 0x0000000084100000|100%| O|  |TAMS 0x0000000084000000, 0x0000000084000000| Untracked 
|  65|0x0000000084100000, 0x0000000084200000, 0x0000000084200000|100%| O|  |TAMS 0x0000000084100000, 0x0000000084100000| Untracked 
|  66|0x0000000084200000, 0x0000000084300000, 0x0000000084300000|100%| O|  |TAMS 0x0000000084200000, 0x0000000084200000| Untracked 
|  67|0x0000000084300000, 0x0000000084400000, 0x0000000084400000|100%| O|  |TAMS 0x0000000084300000, 0x0000000084300000| Untracked 
|  68|0x0000000084400000, 0x0000000084500000, 0x0000000084500000|100%| O|  |TAMS 0x0000000084400000, 0x0000000084400000| Untracked 
|  69|0x0000000084500000, 0x0000000084600000, 0x0000000084600000|100%| O|  |TAMS 0x0000000084500000, 0x0000000084500000| Untracked 
|  70|0x0000000084600000, 0x0000000084700000, 0x0000000084700000|100%| O|  |TAMS 0x0000000084600000, 0x0000000084600000| Untracked 
|  71|0x0000000084700000, 0x0000000084800000, 0x0000000084800000|100%| O|  |TAMS 0x0000000084700000, 0x0000000084700000| Untracked 
|  72|0x0000000084800000, 0x0000000084900000, 0x0000000084900000|100%| O|  |TAMS 0x0000000084800000, 0x0000000084800000| Untracked 
|  73|0x0000000084900000, 0x0000000084a00000, 0x0000000084a00000|100%| O|  |TAMS 0x0000000084900000, 0x0000000084900000| Untracked 
|  74|0x0000000084a00000, 0x0000000084b00000, 0x0000000084b00000|100%| O|  |TAMS 0x0000000084a00000, 0x0000000084a00000| Untracked 
|  75|0x0000000084b00000, 0x0000000084c00000, 0x0000000084c00000|100%| O|  |TAMS 0x0000000084b00000, 0x0000000084b00000| Untracked 
|  76|0x0000000084c00000, 0x0000000084d00000, 0x0000000084d00000|100%| O|  |TAMS 0x0000000084c00000, 0x0000000084c00000| Untracked 
|  77|0x0000000084d00000, 0x0000000084e00000, 0x0000000084e00000|100%| O|  |TAMS 0x0000000084d00000, 0x0000000084d00000| Untracked 
|  78|0x0000000084e00000, 0x0000000084f00000, 0x0000000084f00000|100%| O|  |TAMS 0x0000000084e00000, 0x0000000084e00000| Untracked 
|  79|0x0000000084f00000, 0x0000000085000000, 0x0000000085000000|100%| O|  |TAMS 0x0000000084f00000, 0x0000000084f00000| Untracked 
|  80|0x0000000085000000, 0x0000000085100000, 0x0000000085100000|100%| O|  |TAMS 0x0000000085000000, 0x0000000085000000| Untracked 
|  81|0x0000000085100000, 0x00000000851d8000, 0x0000000085200000| 84%| O|  |TAMS 0x0000000085100000, 0x0000000085100000| Untracked 
|  82|0x0000000085200000, 0x0000000085200000, 0x0000000085300000|  0%| F|  |TAMS 0x0000000085200000, 0x0000000085200000| Untracked 
|  83|0x0000000085300000, 0x0000000085300000, 0x0000000085400000|  0%| F|  |TAMS 0x0000000085300000, 0x0000000085300000| Untracked 
|  84|0x0000000085400000, 0x0000000085400000, 0x0000000085500000|  0%| F|  |TAMS 0x0000000085400000, 0x0000000085400000| Untracked 
|  85|0x0000000085500000, 0x0000000085500000, 0x0000000085600000|  0%| F|  |TAMS 0x0000000085500000, 0x0000000085500000| Untracked 
|  86|0x0000000085600000, 0x0000000085600000, 0x0000000085700000|  0%| F|  |TAMS 0x0000000085600000, 0x0000000085600000| Untracked 
|  87|0x0000000085700000, 0x0000000085700000, 0x0000000085800000|  0%| F|  |TAMS 0x0000000085700000, 0x0000000085700000| Untracked 
|  88|0x0000000085800000, 0x0000000085800000, 0x0000000085900000|  0%| F|  |TAMS 0x0000000085800000, 0x0000000085800000| Untracked 
|  89|0x0000000085900000, 0x0000000085900000, 0x0000000085a00000|  0%| F|  |TAMS 0x0000000085900000, 0x0000000085900000| Untracked 
|  90|0x0000000085a00000, 0x0000000085a00000, 0x0000000085b00000|  0%| F|  |TAMS 0x0000000085a00000, 0x0000000085a00000| Untracked 
|  91|0x0000000085b00000, 0x0000000085b00000, 0x0000000085c00000|  0%| F|  |TAMS 0x0000000085b00000, 0x0000000085b00000| Untracked 
|  92|0x0000000085c00000, 0x0000000085c00000, 0x0000000085d00000|  0%| F|  |TAMS 0x0000000085c00000, 0x0000000085c00000| Untracked 
|  93|0x0000000085d00000, 0x0000000085d00000, 0x0000000085e00000|  0%| F|  |TAMS 0x0000000085d00000, 0x0000000085d00000| Untracked 
|  94|0x0000000085e00000, 0x0000000085e00000, 0x0000000085f00000|  0%| F|  |TAMS 0x0000000085e00000, 0x0000000085e00000| Untracked 
|  95|0x0000000085f00000, 0x0000000085f00000, 0x0000000086000000|  0%| F|  |TAMS 0x0000000085f00000, 0x0000000085f00000| Untracked 
|  96|0x0000000086000000, 0x0000000086000000, 0x0000000086100000|  0%| F|  |TAMS 0x0000000086000000, 0x0000000086000000| Untracked 
|  97|0x0000000086100000, 0x0000000086100000, 0x0000000086200000|  0%| F|  |TAMS 0x0000000086100000, 0x0000000086100000| Untracked 
|  98|0x0000000086200000, 0x0000000086200000, 0x0000000086300000|  0%| F|  |TAMS 0x0000000086200000, 0x0000000086200000| Untracked 
|  99|0x0000000086300000, 0x0000000086300000, 0x0000000086400000|  0%| F|  |TAMS 0x0000000086300000, 0x0000000086300000| Untracked 
| 100|0x0000000086400000, 0x0000000086400000, 0x0000000086500000|  0%| F|  |TAMS 0x0000000086400000, 0x0000000086400000| Untracked 
| 101|0x0000000086500000, 0x0000000086500000, 0x0000000086600000|  0%| F|  |TAMS 0x0000000086500000, 0x0000000086500000| Untracked 
| 102|0x0000000086600000, 0x0000000086600000, 0x0000000086700000|  0%| F|  |TAMS 0x0000000086600000, 0x0000000086600000| Untracked 
| 103|0x0000000086700000, 0x0000000086700000, 0x0000000086800000|  0%| F|  |TAMS 0x0000000086700000, 0x0000000086700000| Untracked 
| 104|0x0000000086800000, 0x0000000086800000, 0x0000000086900000|  0%| F|  |TAMS 0x0000000086800000, 0x0000000086800000| Untracked 
| 105|0x0000000086900000, 0x0000000086900000, 0x0000000086a00000|  0%| F|  |TAMS 0x0000000086900000, 0x0000000086900000| Untracked 
| 106|0x0000000086a00000, 0x0000000086a00000, 0x0000000086b00000|  0%| F|  |TAMS 0x0000000086a00000, 0x0000000086a00000| Untracked 
| 107|0x0000000086b00000, 0x0000000086b00000, 0x0000000086c00000|  0%| F|  |TAMS 0x0000000086b00000, 0x0000000086b00000| Untracked 
| 108|0x0000000086c00000, 0x0000000086c00000, 0x0000000086d00000|  0%| F|  |TAMS 0x0000000086c00000, 0x0000000086c00000| Untracked 
| 109|0x0000000086d00000, 0x0000000086d00000, 0x0000000086e00000|  0%| F|  |TAMS 0x0000000086d00000, 0x0000000086d00000| Untracked 
| 110|0x0000000086e00000, 0x0000000086e00000, 0x0000000086f00000|  0%| F|  |TAMS 0x0000000086e00000, 0x0000000086e00000| Untracked 
| 111|0x0000000086f00000, 0x0000000086f00000, 0x0000000087000000|  0%| F|  |TAMS 0x0000000086f00000, 0x0000000086f00000| Untracked 
| 112|0x0000000087000000, 0x0000000087000000, 0x0000000087100000|  0%| F|  |TAMS 0x0000000087000000, 0x0000000087000000| Untracked 
| 113|0x0000000087100000, 0x0000000087100000, 0x0000000087200000|  0%| F|  |TAMS 0x0000000087100000, 0x0000000087100000| Untracked 
| 114|0x0000000087200000, 0x0000000087200000, 0x0000000087300000|  0%| F|  |TAMS 0x0000000087200000, 0x0000000087200000| Untracked 
| 115|0x0000000087300000, 0x0000000087300000, 0x0000000087400000|  0%| F|  |TAMS 0x0000000087300000, 0x0000000087300000| Untracked 
| 116|0x0000000087400000, 0x0000000087400000, 0x0000000087500000|  0%| F|  |TAMS 0x0000000087400000, 0x0000000087400000| Untracked 
| 117|0x0000000087500000, 0x0000000087500000, 0x0000000087600000|  0%| F|  |TAMS 0x0000000087500000, 0x0000000087500000| Untracked 
| 118|0x0000000087600000, 0x0000000087600000, 0x0000000087700000|  0%| F|  |TAMS 0x0000000087600000, 0x0000000087600000| Untracked 
| 119|0x0000000087700000, 0x0000000087700000, 0x0000000087800000|  0%| F|  |TAMS 0x0000000087700000, 0x0000000087700000| Untracked 
| 120|0x0000000087800000, 0x0000000087800000, 0x0000000087900000|  0%| F|  |TAMS 0x0000000087800000, 0x0000000087800000| Untracked 
| 121|0x0000000087900000, 0x0000000087900000, 0x0000000087a00000|  0%| F|  |TAMS 0x0000000087900000, 0x0000000087900000| Untracked 
| 122|0x0000000087a00000, 0x0000000087a00000, 0x0000000087b00000|  0%| F|  |TAMS 0x0000000087a00000, 0x0000000087a00000| Untracked 
| 123|0x0000000087b00000, 0x0000000087b00000, 0x0000000087c00000|  0%| F|  |TAMS 0x0000000087b00000, 0x0000000087b00000| Untracked 
| 124|0x0000000087c00000, 0x0000000087c00000, 0x0000000087d00000|  0%| F|  |TAMS 0x0000000087c00000, 0x0000000087c00000| Untracked 
| 125|0x0000000087d00000, 0x0000000087d00000, 0x0000000087e00000|  0%| F|  |TAMS 0x0000000087d00000, 0x0000000087d00000| Untracked 
| 126|0x0000000087e00000, 0x0000000087e00000, 0x0000000087f00000|  0%| F|  |TAMS 0x0000000087e00000, 0x0000000087e00000| Untracked 
| 127|0x0000000087f00000, 0x0000000087f00000, 0x0000000088000000|  0%| F|  |TAMS 0x0000000087f00000, 0x0000000087f00000| Untracked 
| 128|0x0000000088000000, 0x0000000088000000, 0x0000000088100000|  0%| F|  |TAMS 0x0000000088000000, 0x0000000088000000| Untracked 
| 129|0x0000000088100000, 0x0000000088100000, 0x0000000088200000|  0%| F|  |TAMS 0x0000000088100000, 0x0000000088100000| Untracked 
| 130|0x0000000088200000, 0x0000000088200000, 0x0000000088300000|  0%| F|  |TAMS 0x0000000088200000, 0x0000000088200000| Untracked 
| 131|0x0000000088300000, 0x0000000088300000, 0x0000000088400000|  0%| F|  |TAMS 0x0000000088300000, 0x0000000088300000| Untracked 
| 132|0x0000000088400000, 0x0000000088500000, 0x0000000088500000|100%| S|CS|TAMS 0x0000000088400000, 0x0000000088400000| Complete 
| 133|0x0000000088500000, 0x0000000088600000, 0x0000000088600000|100%| S|CS|TAMS 0x0000000088500000, 0x0000000088500000| Complete 
| 134|0x0000000088600000, 0x0000000088700000, 0x0000000088700000|100%| S|CS|TAMS 0x0000000088600000, 0x0000000088600000| Complete 
| 135|0x0000000088700000, 0x0000000088800000, 0x0000000088800000|100%| S|CS|TAMS 0x0000000088700000, 0x0000000088700000| Complete 
| 136|0x0000000088800000, 0x0000000088900000, 0x0000000088900000|100%| S|CS|TAMS 0x0000000088800000, 0x0000000088800000| Complete 
| 137|0x0000000088900000, 0x0000000088900000, 0x0000000088a00000|  0%| F|  |TAMS 0x0000000088900000, 0x0000000088900000| Untracked 
| 138|0x0000000088a00000, 0x0000000088a00000, 0x0000000088b00000|  0%| F|  |TAMS 0x0000000088a00000, 0x0000000088a00000| Untracked 
| 139|0x0000000088b00000, 0x0000000088b00000, 0x0000000088c00000|  0%| F|  |TAMS 0x0000000088b00000, 0x0000000088b00000| Untracked 
| 140|0x0000000088c00000, 0x0000000088c00000, 0x0000000088d00000|  0%| F|  |TAMS 0x0000000088c00000, 0x0000000088c00000| Untracked 
| 141|0x0000000088d00000, 0x0000000088d00000, 0x0000000088e00000|  0%| F|  |TAMS 0x0000000088d00000, 0x0000000088d00000| Untracked 
| 142|0x0000000088e00000, 0x0000000088e00000, 0x0000000088f00000|  0%| F|  |TAMS 0x0000000088e00000, 0x0000000088e00000| Untracked 
| 143|0x0000000088f00000, 0x0000000088f00000, 0x0000000089000000|  0%| F|  |TAMS 0x0000000088f00000, 0x0000000088f00000| Untracked 
| 144|0x0000000089000000, 0x0000000089000000, 0x0000000089100000|  0%| F|  |TAMS 0x0000000089000000, 0x0000000089000000| Untracked 
| 145|0x0000000089100000, 0x0000000089200000, 0x0000000089200000|100%| S|CS|TAMS 0x0000000089100000, 0x0000000089100000| Complete 
| 146|0x0000000089200000, 0x0000000089200000, 0x0000000089300000|  0%| F|  |TAMS 0x0000000089200000, 0x0000000089200000| Untracked 
| 147|0x0000000089300000, 0x0000000089400000, 0x0000000089400000|100%| S|CS|TAMS 0x0000000089300000, 0x0000000089300000| Complete 
| 148|0x0000000089400000, 0x0000000089400000, 0x0000000089500000|  0%| F|  |TAMS 0x0000000089400000, 0x0000000089400000| Untracked 
| 149|0x0000000089500000, 0x0000000089500000, 0x0000000089600000|  0%| F|  |TAMS 0x0000000089500000, 0x0000000089500000| Untracked 
| 150|0x0000000089600000, 0x0000000089600000, 0x0000000089700000|  0%| F|  |TAMS 0x0000000089600000, 0x0000000089600000| Untracked 
| 151|0x0000000089700000, 0x0000000089700000, 0x0000000089800000|  0%| F|  |TAMS 0x0000000089700000, 0x0000000089700000| Untracked 
| 152|0x0000000089800000, 0x0000000089800000, 0x0000000089900000|  0%| F|  |TAMS 0x0000000089800000, 0x0000000089800000| Untracked 
| 153|0x0000000089900000, 0x0000000089900000, 0x0000000089a00000|  0%| F|  |TAMS 0x0000000089900000, 0x0000000089900000| Untracked 
| 154|0x0000000089a00000, 0x0000000089a00000, 0x0000000089b00000|  0%| F|  |TAMS 0x0000000089a00000, 0x0000000089a00000| Untracked 
| 155|0x0000000089b00000, 0x0000000089b00000, 0x0000000089c00000|  0%| F|  |TAMS 0x0000000089b00000, 0x0000000089b00000| Untracked 
| 156|0x0000000089c00000, 0x0000000089c00000, 0x0000000089d00000|  0%| F|  |TAMS 0x0000000089c00000, 0x0000000089c00000| Untracked 
| 157|0x0000000089d00000, 0x0000000089d00000, 0x0000000089e00000|  0%| F|  |TAMS 0x0000000089d00000, 0x0000000089d00000| Untracked 
| 158|0x0000000089e00000, 0x0000000089e00000, 0x0000000089f00000|  0%| F|  |TAMS 0x0000000089e00000, 0x0000000089e00000| Untracked 
| 159|0x0000000089f00000, 0x0000000089f00000, 0x000000008a000000|  0%| F|  |TAMS 0x0000000089f00000, 0x0000000089f00000| Untracked 
| 160|0x000000008a000000, 0x000000008a000000, 0x000000008a100000|  0%| F|  |TAMS 0x000000008a000000, 0x000000008a000000| Untracked 
| 161|0x000000008a100000, 0x000000008a100000, 0x000000008a200000|  0%| F|  |TAMS 0x000000008a100000, 0x000000008a100000| Untracked 
| 162|0x000000008a200000, 0x000000008a200000, 0x000000008a300000|  0%| F|  |TAMS 0x000000008a200000, 0x000000008a200000| Untracked 
| 163|0x000000008a300000, 0x000000008a300000, 0x000000008a400000|  0%| F|  |TAMS 0x000000008a300000, 0x000000008a300000| Untracked 
| 164|0x000000008a400000, 0x000000008a400000, 0x000000008a500000|  0%| F|  |TAMS 0x000000008a400000, 0x000000008a400000| Untracked 
| 165|0x000000008a500000, 0x000000008a500000, 0x000000008a600000|  0%| F|  |TAMS 0x000000008a500000, 0x000000008a500000| Untracked 
| 166|0x000000008a600000, 0x000000008a600000, 0x000000008a700000|  0%| F|  |TAMS 0x000000008a600000, 0x000000008a600000| Untracked 
| 167|0x000000008a700000, 0x000000008a700000, 0x000000008a800000|  0%| F|  |TAMS 0x000000008a700000, 0x000000008a700000| Untracked 
| 168|0x000000008a800000, 0x000000008a800000, 0x000000008a900000|  0%| F|  |TAMS 0x000000008a800000, 0x000000008a800000| Untracked 
| 169|0x000000008a900000, 0x000000008a900000, 0x000000008aa00000|  0%| F|  |TAMS 0x000000008a900000, 0x000000008a900000| Untracked 
| 170|0x000000008aa00000, 0x000000008aa00000, 0x000000008ab00000|  0%| F|  |TAMS 0x000000008aa00000, 0x000000008aa00000| Untracked 
| 171|0x000000008ab00000, 0x000000008ab00000, 0x000000008ac00000|  0%| F|  |TAMS 0x000000008ab00000, 0x000000008ab00000| Untracked 
| 172|0x000000008ac00000, 0x000000008ac00000, 0x000000008ad00000|  0%| F|  |TAMS 0x000000008ac00000, 0x000000008ac00000| Untracked 
| 173|0x000000008ad00000, 0x000000008ad00000, 0x000000008ae00000|  0%| F|  |TAMS 0x000000008ad00000, 0x000000008ad00000| Untracked 
| 174|0x000000008ae00000, 0x000000008ae00000, 0x000000008af00000|  0%| F|  |TAMS 0x000000008ae00000, 0x000000008ae00000| Untracked 
| 175|0x000000008af00000, 0x000000008af00000, 0x000000008b000000|  0%| F|  |TAMS 0x000000008af00000, 0x000000008af00000| Untracked 
| 176|0x000000008b000000, 0x000000008b000000, 0x000000008b100000|  0%| F|  |TAMS 0x000000008b000000, 0x000000008b000000| Untracked 
| 177|0x000000008b100000, 0x000000008b100000, 0x000000008b200000|  0%| F|  |TAMS 0x000000008b100000, 0x000000008b100000| Untracked 
| 178|0x000000008b200000, 0x000000008b200000, 0x000000008b300000|  0%| F|  |TAMS 0x000000008b200000, 0x000000008b200000| Untracked 
| 179|0x000000008b300000, 0x000000008b300000, 0x000000008b400000|  0%| F|  |TAMS 0x000000008b300000, 0x000000008b300000| Untracked 
| 180|0x000000008b400000, 0x000000008b400000, 0x000000008b500000|  0%| F|  |TAMS 0x000000008b400000, 0x000000008b400000| Untracked 
| 181|0x000000008b500000, 0x000000008b500000, 0x000000008b600000|  0%| F|  |TAMS 0x000000008b500000, 0x000000008b500000| Untracked 
| 182|0x000000008b600000, 0x000000008b600000, 0x000000008b700000|  0%| F|  |TAMS 0x000000008b600000, 0x000000008b600000| Untracked 
| 183|0x000000008b700000, 0x000000008b700000, 0x000000008b800000|  0%| F|  |TAMS 0x000000008b700000, 0x000000008b700000| Untracked 
| 184|0x000000008b800000, 0x000000008b800000, 0x000000008b900000|  0%| F|  |TAMS 0x000000008b800000, 0x000000008b800000| Untracked 
| 185|0x000000008b900000, 0x000000008b900000, 0x000000008ba00000|  0%| F|  |TAMS 0x000000008b900000, 0x000000008b900000| Untracked 
| 186|0x000000008ba00000, 0x000000008ba00000, 0x000000008bb00000|  0%| F|  |TAMS 0x000000008ba00000, 0x000000008ba00000| Untracked 
| 187|0x000000008bb00000, 0x000000008bb00000, 0x000000008bc00000|  0%| F|  |TAMS 0x000000008bb00000, 0x000000008bb00000| Untracked 
| 188|0x000000008bc00000, 0x000000008bc00000, 0x000000008bd00000|  0%| F|  |TAMS 0x000000008bc00000, 0x000000008bc00000| Untracked 
| 189|0x000000008bd00000, 0x000000008bd00000, 0x000000008be00000|  0%| F|  |TAMS 0x000000008bd00000, 0x000000008bd00000| Untracked 
| 190|0x000000008be00000, 0x000000008be00000, 0x000000008bf00000|  0%| F|  |TAMS 0x000000008be00000, 0x000000008be00000| Untracked 
| 191|0x000000008bf00000, 0x000000008bf00000, 0x000000008c000000|  0%| F|  |TAMS 0x000000008bf00000, 0x000000008bf00000| Untracked 
| 192|0x000000008c000000, 0x000000008c000000, 0x000000008c100000|  0%| F|  |TAMS 0x000000008c000000, 0x000000008c000000| Untracked 
| 193|0x000000008c100000, 0x000000008c100000, 0x000000008c200000|  0%| F|  |TAMS 0x000000008c100000, 0x000000008c100000| Untracked 
| 194|0x000000008c200000, 0x000000008c200000, 0x000000008c300000|  0%| F|  |TAMS 0x000000008c200000, 0x000000008c200000| Untracked 
| 195|0x000000008c300000, 0x000000008c300000, 0x000000008c400000|  0%| F|  |TAMS 0x000000008c300000, 0x000000008c300000| Untracked 
| 196|0x000000008c400000, 0x000000008c400000, 0x000000008c500000|  0%| F|  |TAMS 0x000000008c400000, 0x000000008c400000| Untracked 
| 197|0x000000008c500000, 0x000000008c500000, 0x000000008c600000|  0%| F|  |TAMS 0x000000008c500000, 0x000000008c500000| Untracked 
| 198|0x000000008c600000, 0x000000008c600000, 0x000000008c700000|  0%| F|  |TAMS 0x000000008c600000, 0x000000008c600000| Untracked 
| 199|0x000000008c700000, 0x000000008c700000, 0x000000008c800000|  0%| F|  |TAMS 0x000000008c700000, 0x000000008c700000| Untracked 
| 200|0x000000008c800000, 0x000000008c800000, 0x000000008c900000|  0%| F|  |TAMS 0x000000008c800000, 0x000000008c800000| Untracked 
| 201|0x000000008c900000, 0x000000008c900000, 0x000000008ca00000|  0%| F|  |TAMS 0x000000008c900000, 0x000000008c900000| Untracked 
| 202|0x000000008ca00000, 0x000000008ca00000, 0x000000008cb00000|  0%| F|  |TAMS 0x000000008ca00000, 0x000000008ca00000| Untracked 
| 203|0x000000008cb00000, 0x000000008cb00000, 0x000000008cc00000|  0%| F|  |TAMS 0x000000008cb00000, 0x000000008cb00000| Untracked 
| 204|0x000000008cc00000, 0x000000008cc00000, 0x000000008cd00000|  0%| F|  |TAMS 0x000000008cc00000, 0x000000008cc00000| Untracked 
| 205|0x000000008cd00000, 0x000000008cd00000, 0x000000008ce00000|  0%| F|  |TAMS 0x000000008cd00000, 0x000000008cd00000| Untracked 
| 206|0x000000008ce00000, 0x000000008ce00000, 0x000000008cf00000|  0%| F|  |TAMS 0x000000008ce00000, 0x000000008ce00000| Untracked 
| 207|0x000000008cf00000, 0x000000008cf00000, 0x000000008d000000|  0%| F|  |TAMS 0x000000008cf00000, 0x000000008cf00000| Untracked 
| 208|0x000000008d000000, 0x000000008d000000, 0x000000008d100000|  0%| F|  |TAMS 0x000000008d000000, 0x000000008d000000| Untracked 
| 209|0x000000008d100000, 0x000000008d100000, 0x000000008d200000|  0%| F|  |TAMS 0x000000008d100000, 0x000000008d100000| Untracked 
| 210|0x000000008d200000, 0x000000008d200000, 0x000000008d300000|  0%| F|  |TAMS 0x000000008d200000, 0x000000008d200000| Untracked 
| 211|0x000000008d300000, 0x000000008d300000, 0x000000008d400000|  0%| F|  |TAMS 0x000000008d300000, 0x000000008d300000| Untracked 
| 212|0x000000008d400000, 0x000000008d400000, 0x000000008d500000|  0%| F|  |TAMS 0x000000008d400000, 0x000000008d400000| Untracked 
| 213|0x000000008d500000, 0x000000008d500000, 0x000000008d600000|  0%| F|  |TAMS 0x000000008d500000, 0x000000008d500000| Untracked 
| 214|0x000000008d600000, 0x000000008d600000, 0x000000008d700000|  0%| F|  |TAMS 0x000000008d600000, 0x000000008d600000| Untracked 
| 215|0x000000008d700000, 0x000000008d700000, 0x000000008d800000|  0%| F|  |TAMS 0x000000008d700000, 0x000000008d700000| Untracked 
| 216|0x000000008d800000, 0x000000008d800000, 0x000000008d900000|  0%| F|  |TAMS 0x000000008d800000, 0x000000008d800000| Untracked 
| 217|0x000000008d900000, 0x000000008d900000, 0x000000008da00000|  0%| F|  |TAMS 0x000000008d900000, 0x000000008d900000| Untracked 
| 218|0x000000008da00000, 0x000000008da00000, 0x000000008db00000|  0%| F|  |TAMS 0x000000008da00000, 0x000000008da00000| Untracked 
| 219|0x000000008db00000, 0x000000008db00000, 0x000000008dc00000|  0%| F|  |TAMS 0x000000008db00000, 0x000000008db00000| Untracked 
| 220|0x000000008dc00000, 0x000000008dc00000, 0x000000008dd00000|  0%| F|  |TAMS 0x000000008dc00000, 0x000000008dc00000| Untracked 
| 221|0x000000008dd00000, 0x000000008dd00000, 0x000000008de00000|  0%| F|  |TAMS 0x000000008dd00000, 0x000000008dd00000| Untracked 
| 222|0x000000008de00000, 0x000000008de00000, 0x000000008df00000|  0%| F|  |TAMS 0x000000008de00000, 0x000000008de00000| Untracked 
| 223|0x000000008df00000, 0x000000008df00000, 0x000000008e000000|  0%| F|  |TAMS 0x000000008df00000, 0x000000008df00000| Untracked 
| 224|0x000000008e000000, 0x000000008e000000, 0x000000008e100000|  0%| F|  |TAMS 0x000000008e000000, 0x000000008e000000| Untracked 
| 225|0x000000008e100000, 0x000000008e100000, 0x000000008e200000|  0%| F|  |TAMS 0x000000008e100000, 0x000000008e100000| Untracked 
| 226|0x000000008e200000, 0x000000008e200000, 0x000000008e300000|  0%| F|  |TAMS 0x000000008e200000, 0x000000008e200000| Untracked 
| 227|0x000000008e300000, 0x000000008e300000, 0x000000008e400000|  0%| F|  |TAMS 0x000000008e300000, 0x000000008e300000| Untracked 
| 228|0x000000008e400000, 0x000000008e400000, 0x000000008e500000|  0%| F|  |TAMS 0x000000008e400000, 0x000000008e400000| Untracked 
| 229|0x000000008e500000, 0x000000008e500000, 0x000000008e600000|  0%| F|  |TAMS 0x000000008e500000, 0x000000008e500000| Untracked 
| 230|0x000000008e600000, 0x000000008e600000, 0x000000008e700000|  0%| F|  |TAMS 0x000000008e600000, 0x000000008e600000| Untracked 
| 231|0x000000008e700000, 0x000000008e700000, 0x000000008e800000|  0%| F|  |TAMS 0x000000008e700000, 0x000000008e700000| Untracked 
| 232|0x000000008e800000, 0x000000008e800000, 0x000000008e900000|  0%| F|  |TAMS 0x000000008e800000, 0x000000008e800000| Untracked 
| 233|0x000000008e900000, 0x000000008e900000, 0x000000008ea00000|  0%| F|  |TAMS 0x000000008e900000, 0x000000008e900000| Untracked 
| 234|0x000000008ea00000, 0x000000008ea00000, 0x000000008eb00000|  0%| F|  |TAMS 0x000000008ea00000, 0x000000008ea00000| Untracked 
| 235|0x000000008eb00000, 0x000000008eb00000, 0x000000008ec00000|  0%| F|  |TAMS 0x000000008eb00000, 0x000000008eb00000| Untracked 
| 236|0x000000008ec00000, 0x000000008ec00000, 0x000000008ed00000|  0%| F|  |TAMS 0x000000008ec00000, 0x000000008ec00000| Untracked 
| 237|0x000000008ed00000, 0x000000008ed00000, 0x000000008ee00000|  0%| F|  |TAMS 0x000000008ed00000, 0x000000008ed00000| Untracked 
| 238|0x000000008ee00000, 0x000000008ee00000, 0x000000008ef00000|  0%| F|  |TAMS 0x000000008ee00000, 0x000000008ee00000| Untracked 
| 239|0x000000008ef00000, 0x000000008ef00000, 0x000000008f000000|  0%| F|  |TAMS 0x000000008ef00000, 0x000000008ef00000| Untracked 
| 240|0x000000008f000000, 0x000000008f000000, 0x000000008f100000|  0%| F|  |TAMS 0x000000008f000000, 0x000000008f000000| Untracked 
| 241|0x000000008f100000, 0x000000008f100000, 0x000000008f200000|  0%| F|  |TAMS 0x000000008f100000, 0x000000008f100000| Untracked 
| 242|0x000000008f200000, 0x000000008f200000, 0x000000008f300000|  0%| F|  |TAMS 0x000000008f200000, 0x000000008f200000| Untracked 
| 243|0x000000008f300000, 0x000000008f32ad58, 0x000000008f400000| 16%| E|  |TAMS 0x000000008f300000, 0x000000008f300000| Complete 
| 244|0x000000008f400000, 0x000000008f500000, 0x000000008f500000|100%| E|CS|TAMS 0x000000008f400000, 0x000000008f400000| Complete 
| 245|0x000000008f500000, 0x000000008f600000, 0x000000008f600000|100%| E|CS|TAMS 0x000000008f500000, 0x000000008f500000| Complete 
| 246|0x000000008f600000, 0x000000008f700000, 0x000000008f700000|100%| E|CS|TAMS 0x000000008f600000, 0x000000008f600000| Complete 
| 247|0x000000008f700000, 0x000000008f800000, 0x000000008f800000|100%| E|CS|TAMS 0x000000008f700000, 0x000000008f700000| Complete 
| 248|0x000000008f800000, 0x000000008f900000, 0x000000008f900000|100%| E|CS|TAMS 0x000000008f800000, 0x000000008f800000| Complete 
| 249|0x000000008f900000, 0x000000008fa00000, 0x000000008fa00000|100%| E|CS|TAMS 0x000000008f900000, 0x000000008f900000| Complete 
| 250|0x000000008fa00000, 0x000000008fb00000, 0x000000008fb00000|100%| E|CS|TAMS 0x000000008fa00000, 0x000000008fa00000| Complete 
| 251|0x000000008fb00000, 0x000000008fc00000, 0x000000008fc00000|100%| E|CS|TAMS 0x000000008fb00000, 0x000000008fb00000| Complete 

Card table byte_map: [0x000001bdfe2a0000,0x000001bdfe6a0000] _byte_map_base: 0x000001bdfdea0000

Marking Bits (Prev, Next): (CMBitMap*) 0x000001bdfdad0608, (CMBitMap*) 0x000001bdfdad0640
 Prev Bits: [0x000001bd92a10000, 0x000001bd94a10000)
 Next Bits: [0x000001bd94a10000, 0x000001bd96a10000)

Polling page: 0x000001bdfba00000

Metaspace:

Usage:
  Non-class:     86.19 MB capacity,    84.64 MB ( 98%) used,     1.25 MB (  1%) free+waste,   303.44 KB ( <1%) overhead. 
      Class:     13.85 MB capacity,    12.87 MB ( 93%) used,   864.09 KB (  6%) free+waste,   141.06 KB ( <1%) overhead. 
       Both:    100.04 MB capacity,    97.51 MB ( 97%) used,     2.09 MB (  2%) free+waste,   444.50 KB ( <1%) overhead. 

Virtual space:
  Non-class space:       88.00 MB reserved,      86.25 MB ( 98%) committed 
      Class space:        1.00 GB reserved,      13.88 MB (  1%) committed 
             Both:        1.09 GB reserved,     100.13 MB (  9%) committed 

Chunk freelists:
   Non-Class:  62.00 KB
       Class:  26.00 KB
        Both:  88.00 KB

MaxMetaspaceSize: 17179869184.00 GB
CompressedClassSpaceSize: 1.00 GB

CodeHeap 'non-profiled nmethods': size=120000Kb used=7078Kb max_used=7078Kb free=112921Kb
 bounds [0x000001bd8b4e0000, 0x000001bd8bbd0000, 0x000001bd92a10000]
CodeHeap 'profiled nmethods': size=120000Kb used=24478Kb max_used=24478Kb free=95522Kb
 bounds [0x000001bd83fb0000, 0x000001bd857a0000, 0x000001bd8b4e0000]
CodeHeap 'non-nmethods': size=5760Kb used=1650Kb max_used=1698Kb free=4109Kb
 bounds [0x000001bd83a10000, 0x000001bd83c80000, 0x000001bd83fb0000]
 total_blobs=12212 nmethods=11392 adapters=731
 compilation: enabled
              stopped_count=0, restarted_count=0
 full_count=0

Compilation events (20 events):
Event: 17.738 Thread 0x000001bd98aad800 11437       3       com.android.tools.r8.graph.c0::a (129 bytes)
Event: 17.738 Thread 0x000001bd98aad800 nmethod 11437 0x000001bd8578cd90 code [0x000001bd8578cf60, 0x000001bd8578d258]
Event: 17.743 Thread 0x000001bd98aad800 11439   !   3       com.android.tools.r8.graph.c0::L (91 bytes)
Event: 17.744 Thread 0x000001bd98aad800 nmethod 11439 0x000001bd8578d410 code [0x000001bd8578d720, 0x000001bd8578e758]
Event: 17.745 Thread 0x000001bd98aad800 11440       3       com.android.tools.r8.graph.a0::<init> (19 bytes)
Event: 17.745 Thread 0x000001bd98aad800 nmethod 11440 0x000001bd8578ee90 code [0x000001bd8578f060, 0x000001bd8578f3f8]
Event: 17.745 Thread 0x000001bd98aad800 11441       3       com.android.tools.r8.graph.T::a (23 bytes)
Event: 17.745 Thread 0x000001bd98aad800 nmethod 11441 0x000001bd8578f590 code [0x000001bd8578f780, 0x000001bd8578fce8]
Event: 17.745 Thread 0x000001bd98aad800 11442       3       com.android.tools.r8.graph.a0::F (30 bytes)
Event: 17.745 Thread 0x000001bd98aad800 nmethod 11442 0x000001bd8578ff10 code [0x000001bd85790100, 0x000001bd85790348]
Event: 17.745 Thread 0x000001bd98aad800 11443       3       com.android.tools.r8.graph.T::a (93 bytes)
Event: 17.747 Thread 0x000001bd98aad800 nmethod 11443 0x000001bd85790510 code [0x000001bd85790880, 0x000001bd85791e48]
Event: 17.747 Thread 0x000001bd98aad800 11446 %     3       com.android.tools.r8.graph.c0::a @ 58 (89 bytes)
Event: 17.748 Thread 0x000001bd98aad800 nmethod 11446% 0x000001bd85792790 code [0x000001bd85792a80, 0x000001bd85793c08]
Event: 17.748 Thread 0x000001bd98aad800 11444       3       com.android.tools.r8.graph.T::a (35 bytes)
Event: 17.748 Thread 0x000001bd98aad800 nmethod 11444 0x000001bd85794310 code [0x000001bd857944e0, 0x000001bd85794798]
Event: 17.748 Thread 0x000001bd98aad800 11445       3       com.android.tools.r8.graph.X::<init> (71 bytes)
Event: 17.749 Thread 0x000001bd98aad800 nmethod 11445 0x000001bd85794910 code [0x000001bd85794c80, 0x000001bd85795e18]
Event: 17.769 Thread 0x000001bd98aad800 11448       3       com.android.tools.r8.internal.T6::g (26 bytes)
Event: 17.769 Thread 0x000001bd98aad800 nmethod 11448 0x000001bd85796590 code [0x000001bd85796740, 0x000001bd85796898]

GC Heap History (20 events):
Event: 2.880 GC heap before
{Heap before GC invocations=6 (full 0):
 garbage-first heap   total 258048K, used 55440K [0x0000000080000000, 0x0000000100000000)
  region size 1024K, 40 young (40960K), 4 survivors (4096K)
 Metaspace       used 34779K, capacity 35612K, committed 35840K, reserved 1081344K
  class space    used 4525K, capacity 4834K, committed 4864K, reserved 1048576K
}
Event: 2.886 GC heap after
{Heap after GC invocations=7 (full 0):
 garbage-first heap   total 258048K, used 22069K [0x0000000080000000, 0x0000000100000000)
  region size 1024K, 7 young (7168K), 7 survivors (7168K)
 Metaspace       used 34779K, capacity 35612K, committed 35840K, reserved 1081344K
  class space    used 4525K, capacity 4834K, committed 4864K, reserved 1048576K
}
Event: 3.906 GC heap before
{Heap before GC invocations=8 (full 0):
 garbage-first heap   total 258048K, used 130613K [0x0000000080000000, 0x0000000100000000)
  region size 1024K, 113 young (115712K), 7 survivors (7168K)
 Metaspace       used 43739K, capacity 44802K, committed 45056K, reserved 1087488K
  class space    used 5708K, capacity 6119K, committed 6144K, reserved 1048576K
}
Event: 3.914 GC heap after
{Heap after GC invocations=9 (full 0):
 garbage-first heap   total 258048K, used 27571K [0x0000000080000000, 0x0000000100000000)
  region size 1024K, 12 young (12288K), 12 survivors (12288K)
 Metaspace       used 43739K, capacity 44802K, committed 45056K, reserved 1087488K
  class space    used 5708K, capacity 6119K, committed 6144K, reserved 1048576K
}
Event: 5.314 GC heap before
{Heap before GC invocations=9 (full 0):
 garbage-first heap   total 258048K, used 178099K [0x0000000080000000, 0x0000000100000000)
  region size 1024K, 151 young (154624K), 12 survivors (12288K)
 Metaspace       used 51899K, capacity 53229K, committed 53376K, reserved 1095680K
  class space    used 6741K, capacity 7261K, committed 7296K, reserved 1048576K
}
Event: 5.327 GC heap after
{Heap after GC invocations=10 (full 0):
 garbage-first heap   total 258048K, used 47315K [0x0000000080000000, 0x0000000100000000)
  region size 1024K, 19 young (19456K), 19 survivors (19456K)
 Metaspace       used 51899K, capacity 53229K, committed 53376K, reserved 1095680K
  class space    used 6741K, capacity 7261K, committed 7296K, reserved 1048576K
}
Event: 5.868 GC heap before
{Heap before GC invocations=10 (full 0):
 garbage-first heap   total 258048K, used 97491K [0x0000000080000000, 0x0000000100000000)
  region size 1024K, 69 young (70656K), 19 survivors (19456K)
 Metaspace       used 58381K, capacity 59782K, committed 59904K, reserved 1101824K
  class space    used 7537K, capacity 8079K, committed 8192K, reserved 1048576K
}
Event: 5.888 GC heap after
{Heap after GC invocations=11 (full 0):
 garbage-first heap   total 258048K, used 51308K [0x0000000080000000, 0x0000000100000000)
  region size 1024K, 4 young (4096K), 4 survivors (4096K)
 Metaspace       used 58381K, capacity 59782K, committed 59904K, reserved 1101824K
  class space    used 7537K, capacity 8079K, committed 8192K, reserved 1048576K
}
Event: 7.070 GC heap before
{Heap before GC invocations=12 (full 0):
 garbage-first heap   total 258048K, used 154732K [0x0000000080000000, 0x0000000100000000)
  region size 1024K, 105 young (107520K), 4 survivors (4096K)
 Metaspace       used 69079K, capacity 70681K, committed 70784K, reserved 1110016K
  class space    used 8893K, capacity 9499K, committed 9600K, reserved 1048576K
}
Event: 7.076 GC heap after
{Heap after GC invocations=13 (full 0):
 garbage-first heap   total 258048K, used 56294K [0x0000000080000000, 0x0000000100000000)
  region size 1024K, 9 young (9216K), 9 survivors (9216K)
 Metaspace       used 69079K, capacity 70681K, committed 70784K, reserved 1110016K
  class space    used 8893K, capacity 9499K, committed 9600K, reserved 1048576K
}
Event: 8.131 GC heap before
{Heap before GC invocations=14 (full 0):
 garbage-first heap   total 258048K, used 164838K [0x0000000080000000, 0x0000000100000000)
  region size 1024K, 115 young (117760K), 9 survivors (9216K)
 Metaspace       used 78157K, capacity 79912K, committed 80128K, reserved 1118208K
  class space    used 10255K, capacity 10966K, committed 11008K, reserved 1048576K
}
Event: 8.141 GC heap after
{Heap after GC invocations=15 (full 0):
 garbage-first heap   total 258048K, used 64679K [0x0000000080000000, 0x0000000100000000)
  region size 1024K, 15 young (15360K), 15 survivors (15360K)
 Metaspace       used 78157K, capacity 79912K, committed 80128K, reserved 1118208K
  class space    used 10255K, capacity 10966K, committed 11008K, reserved 1048576K
}
Event: 9.208 GC heap before
{Heap before GC invocations=15 (full 0):
 garbage-first heap   total 258048K, used 173223K [0x0000000080000000, 0x0000000100000000)
  region size 1024K, 122 young (124928K), 15 survivors (15360K)
 Metaspace       used 86139K, capacity 88147K, committed 88448K, reserved 1126400K
  class space    used 11316K, capacity 12100K, committed 12160K, reserved 1048576K
}
Event: 9.222 GC heap after
{Heap after GC invocations=16 (full 0):
 garbage-first heap   total 258048K, used 72703K [0x0000000080000000, 0x0000000100000000)
  region size 1024K, 16 young (16384K), 16 survivors (16384K)
 Metaspace       used 86139K, capacity 88147K, committed 88448K, reserved 1126400K
  class space    used 11316K, capacity 12100K, committed 12160K, reserved 1048576K
}
Event: 9.835 GC heap before
{Heap before GC invocations=16 (full 0):
 garbage-first heap   total 258048K, used 180223K [0x0000000080000000, 0x0000000100000000)
  region size 1024K, 122 young (124928K), 16 survivors (16384K)
 Metaspace       used 87050K, capacity 89111K, committed 89344K, reserved 1126400K
  class space    used 11372K, capacity 12162K, committed 12288K, reserved 1048576K
}
Event: 9.847 GC heap after
{Heap after GC invocations=17 (full 0):
 garbage-first heap   total 258048K, used 79759K [0x0000000080000000, 0x0000000100000000)
  region size 1024K, 10 young (10240K), 10 survivors (10240K)
 Metaspace       used 87050K, capacity 89111K, committed 89344K, reserved 1126400K
  class space    used 11372K, capacity 12162K, committed 12288K, reserved 1048576K
}
Event: 16.507 GC heap before
{Heap before GC invocations=17 (full 0):
 garbage-first heap   total 258048K, used 186255K [0x0000000080000000, 0x0000000100000000)
  region size 1024K, 115 young (117760K), 10 survivors (10240K)
 Metaspace       used 92257K, capacity 94598K, committed 94720K, reserved 1130496K
  class space    used 12104K, capacity 13011K, committed 13056K, reserved 1048576K
}
Event: 16.515 GC heap after
{Heap after GC invocations=18 (full 0):
 garbage-first heap   total 258048K, used 86565K [0x0000000080000000, 0x0000000100000000)
  region size 1024K, 9 young (9216K), 9 survivors (9216K)
 Metaspace       used 92257K, capacity 94598K, committed 94720K, reserved 1130496K
  class space    used 12104K, capacity 13011K, committed 13056K, reserved 1048576K
}
Event: 17.673 GC heap before
{Heap before GC invocations=18 (full 0):
 garbage-first heap   total 258048K, used 192037K [0x0000000080000000, 0x0000000100000000)
  region size 1024K, 113 young (115712K), 9 survivors (9216K)
 Metaspace       used 97467K, capacity 99936K, committed 100096K, reserved 1136640K
  class space    used 12796K, capacity 13751K, committed 13824K, reserved 1048576K
}
Event: 17.683 GC heap after
{Heap after GC invocations=19 (full 0):
 garbage-first heap   total 258048K, used 90976K [0x0000000080000000, 0x0000000100000000)
  region size 1024K, 7 young (7168K), 7 survivors (7168K)
 Metaspace       used 97467K, capacity 99936K, committed 100096K, reserved 1136640K
  class space    used 12796K, capacity 13751K, committed 13824K, reserved 1048576K
}

Deoptimization events (20 events):
Event: 16.909 Thread 0x000001bda0363000 Uncommon trap: trap_request=0xffffff4d fr.pc=0x000001bd8b7e66ec relative=0x000000000000032c
Event: 16.909 Thread 0x000001bda0363000 Uncommon trap: reason=unstable_if action=reinterpret pc=0x000001bd8b7e66ec method=java.util.StringJoiner.add(Ljava/lang/CharSequence;)Ljava/util/StringJoiner; @ 33 c2
Event: 16.909 Thread 0x000001bda0363000 DEOPT PACKING pc=0x000001bd8b7e66ec sp=0x0000002d910fc660
Event: 16.909 Thread 0x000001bda0363000 DEOPT UNPACKING pc=0x000001bd83a378af sp=0x0000002d910fc620 mode 2
Event: 16.939 Thread 0x000001bda0368800 Uncommon trap: trap_request=0xffffff4d fr.pc=0x000001bd8baee08c relative=0x000000000000182c
Event: 16.939 Thread 0x000001bda0368800 Uncommon trap: reason=unstable_if action=reinterpret pc=0x000001bd8baee08c method=java.util.concurrent.ConcurrentHashMap.putVal(Ljava/lang/Object;Ljava/lang/Object;Z)Ljava/lang/Object; @ 162 c2
Event: 16.939 Thread 0x000001bda0368800 DEOPT PACKING pc=0x000001bd8baee08c sp=0x0000002d90bf5340
Event: 16.939 Thread 0x000001bda0368800 DEOPT UNPACKING pc=0x000001bd83a378af sp=0x0000002d90bf52e8 mode 2
Event: 16.939 Thread 0x000001bda0368800 Uncommon trap: trap_request=0xffffff4d fr.pc=0x000001bd8b8fbdc4 relative=0x0000000000000164
Event: 16.939 Thread 0x000001bda0368800 Uncommon trap: reason=unstable_if action=reinterpret pc=0x000001bd8b8fbdc4 method=com.google.common.collect.MapMakerInternalMap$Segment.getEntry(Ljava/lang/Object;I)Lcom/google/common/collect/MapMakerInternalMap$InternalEntry; @ 63 c2
Event: 16.939 Thread 0x000001bda0368800 DEOPT PACKING pc=0x000001bd8b8fbdc4 sp=0x0000002d90bf5210
Event: 16.939 Thread 0x000001bda0368800 DEOPT UNPACKING pc=0x000001bd83a378af sp=0x0000002d90bf51c8 mode 2
Event: 16.939 Thread 0x000001bda0368800 Uncommon trap: trap_request=0xffffff4d fr.pc=0x000001bd8b9da914 relative=0x0000000000001eb4
Event: 16.939 Thread 0x000001bda0368800 Uncommon trap: reason=unstable_if action=reinterpret pc=0x000001bd8b9da914 method=com.google.common.collect.MapMakerInternalMap$Segment.put(Ljava/lang/Object;ILjava/lang/Object;Z)Ljava/lang/Object; @ 92 c2
Event: 16.939 Thread 0x000001bda0368800 DEOPT PACKING pc=0x000001bd8b9da914 sp=0x0000002d90bf52f0
Event: 16.939 Thread 0x000001bda0368800 DEOPT UNPACKING pc=0x000001bd83a378af sp=0x0000002d90bf5220 mode 2
Event: 17.649 Thread 0x000001bda0368800 DEOPT PACKING pc=0x000001bd8569e244 sp=0x0000002d90bfc840
Event: 17.649 Thread 0x000001bda0368800 DEOPT UNPACKING pc=0x000001bd83a376ce sp=0x0000002d90bfbde0 mode 0
Event: 17.650 Thread 0x000001bda0368800 DEOPT PACKING pc=0x000001bd8576c288 sp=0x0000002d90bfc860
Event: 17.650 Thread 0x000001bda0368800 DEOPT UNPACKING pc=0x000001bd83a376ce sp=0x0000002d90bfbd68 mode 0

Classes redefined (0 events):
No events

Internal exceptions (20 events):
Event: 11.385 Thread 0x000001bd9ed20800 Exception <a 'java/lang/NoSuchMethodError'{0x0000000089829130}: <clinit>> (0x0000000089829130) thrown at [./src/hotspot/share/prims/jni.cpp, line 1362]
Event: 11.385 Thread 0x000001bd9ed20800 Exception <a 'java/lang/NoSuchMethodError'{0x000000008983b268}: <clinit>> (0x000000008983b268) thrown at [./src/hotspot/share/prims/jni.cpp, line 1362]
Event: 11.386 Thread 0x000001bd9ed20800 Exception <a 'java/lang/NoSuchMethodError'{0x000000008984d348}: <clinit>> (0x000000008984d348) thrown at [./src/hotspot/share/prims/jni.cpp, line 1362]
Event: 11.389 Thread 0x000001bd9ed20800 Exception <a 'java/lang/NoSuchMethodError'{0x00000000898727a8}: <clinit>> (0x00000000898727a8) thrown at [./src/hotspot/share/prims/jni.cpp, line 1362]
Event: 11.409 Thread 0x000001bd9ed20800 Exception <a 'java/lang/NoSuchMethodError'{0x0000000089655370}: <clinit>> (0x0000000089655370) thrown at [./src/hotspot/share/prims/jni.cpp, line 1362]
Event: 11.462 Thread 0x000001bda0362000 Exception <a 'java/lang/NoSuchMethodError'{0x0000000089430880}: 'java.lang.Object java.lang.invoke.DirectMethodHandle$Holder.invokeStatic(java.lang.Object, java.lang.Object, java.lang.Object, java.lang.Object, java.lang.Object, java.lang.Object, java.lang.Object, java.lang.Object, java.lang.Object, java.lang.Object, java.lang.Object, java.lang.Object, java.lang.Object, int)'> (0x0000000089430880) thrown at [./src/hotspot/share/interpreter/linkResolver.cpp, line 773]
Event: 11.463 Thread 0x000001bda0362000 Exception <a 'java/lang/NoSuchMethodError'{0x000000008943d2f8}: 'java.lang.Object java.lang.invoke.DirectMethodHandle$Holder.invokeStatic(java.lang.Object, java.lang.Object, java.lang.Object, java.lang.Object, java.lang.Object, java.lang.Object, java.lang.Object, java.lang.Object, java.lang.Object, java.lang.Object, java.lang.Object, java.lang.Object, java.lang.Object, int, int)'> (0x000000008943d2f8) thrown at [./src/hotspot/share/interpreter/linkResolver.cpp, line 773]
Event: 16.522 Thread 0x000001bd9ed20800 Exception <a 'java/lang/NoSuchMethodError'{0x000000008fb499b0}: 'void java.lang.invoke.DirectMethodHandle$Holder.invokeStatic(java.lang.Object, java.lang.Object, java.lang.Object, java.lang.Object, java.lang.Object, java.lang.Object, java.lang.Object)'> (0x000000008fb499b0) thrown at [./src/hotspot/share/interpreter/linkResolver.cpp, line 773]
Event: 16.528 Thread 0x000001bd9afe2000 Exception <a 'java/lang/NoSuchMethodError'{0x000000008f9322d0}: <clinit>> (0x000000008f9322d0) thrown at [./src/hotspot/share/prims/jni.cpp, line 1362]
Event: 16.869 Thread 0x000001bd9ed20800 Exception <a 'java/lang/NoSuchMethodError'{0x000000008a891fa8}: <clinit>> (0x000000008a891fa8) thrown at [./src/hotspot/share/prims/jni.cpp, line 1362]
Event: 16.935 Thread 0x000001bda0368800 Exception <a 'sun/nio/fs/WindowsException'{0x0000000089f674e8}> (0x0000000089f674e8) thrown at [./src/hotspot/share/prims/jni.cpp, line 615]
Event: 17.555 Thread 0x000001bda0368800 Exception <a 'java/lang/NoSuchMethodError'{0x0000000089a69470}: 'java.lang.Object java.lang.invoke.DirectMethodHandle$Holder.invokeStatic(java.lang.Object, java.lang.Object, java.lang.Object, java.lang.Object, java.lang.Object, java.lang.Object, java.lang.Object, java.lang.Object, java.lang.Object, java.lang.Object, java.lang.Object, java.lang.Object, java.lang.Object, java.lang.Object, java.lang.Object, java.lang.Object, java.lang.Object, java.lang.Object, int, java.lang.Object)'> (0x0000000089a69470) thr
Event: 17.555 Thread 0x000001bda0368800 Exception <a 'java/lang/NoSuchMethodError'{0x0000000089a6efa8}: 'java.lang.Object java.lang.invoke.DirectMethodHandle$Holder.invokeStaticInit(java.lang.Object, java.lang.Object, java.lang.Object, java.lang.Object, java.lang.Object, java.lang.Object, java.lang.Object, java.lang.Object, java.lang.Object, java.lang.Object, java.lang.Object, java.lang.Object, java.lang.Object, java.lang.Object, java.lang.Object, java.lang.Object, java.lang.Object, java.lang.Object, int, java.lang.Object)'> (0x0000000089a6efa8)
Event: 17.579 Thread 0x000001bda0368800 Exception <a 'java/lang/IncompatibleClassChangeError'{0x000000008995e5a0}: Found class java.lang.Object, but interface was expected> (0x000000008995e5a0) thrown at [./src/hotspot/share/interpreter/linkResolver.cpp, line 839]
Event: 17.638 Thread 0x000001bda0368800 Exception <a 'java/lang/NoSuchMethodError'{0x00000000896c4080}: 'int java.lang.invoke.DirectMethodHandle$Holder.invokeVirtual(java.lang.Object, java.lang.Object, java.lang.Object, java.lang.Object)'> (0x00000000896c4080) thrown at [./src/hotspot/share/interpreter/linkResolver.cpp, line 773]
Event: 17.659 Thread 0x000001bda0368800 Exception <a 'java/lang/NoSuchMethodError'{0x0000000089415060}: 'void java.lang.invoke.DirectMethodHandle$Holder.invokeStatic(java.lang.Object, java.lang.Object, java.lang.Object, int)'> (0x0000000089415060) thrown at [./src/hotspot/share/interpreter/linkResolver.cpp, line 773]
Event: 17.660 Thread 0x000001bda0368800 Exception <a 'java/lang/IncompatibleClassChangeError'{0x000000008941d070}: Found class java.lang.Object, but interface was expected> (0x000000008941d070) thrown at [./src/hotspot/share/interpreter/linkResolver.cpp, line 839]
Event: 17.742 Thread 0x000001bda0368800 Exception <a 'java/lang/NoSuchMethodError'{0x000000008f9f3210}: 'java.lang.Object java.lang.invoke.DirectMethodHandle$Holder.invokeStatic(java.lang.Object, int, java.lang.Object, java.lang.Object)'> (0x000000008f9f3210) thrown at [./src/hotspot/share/interpreter/linkResolver.cpp, line 773]
Event: 17.758 Thread 0x000001bda0368800 Exception <a 'java/lang/NoSuchMethodError'{0x000000008f8bf420}: 'int java.lang.invoke.DirectMethodHandle$Holder.invokeVirtual(java.lang.Object, java.lang.Object, java.lang.Object)'> (0x000000008f8bf420) thrown at [./src/hotspot/share/interpreter/linkResolver.cpp, line 773]
Event: 17.767 Thread 0x000001bda0368800 Exception <a 'java/lang/NoSuchMethodError'{0x000000008f72b8b0}: 'java.lang.Object java.lang.invoke.Invokers$Holder.linkToTargetMethod(java.lang.Object, java.lang.Object, java.lang.Object, java.lang.Object, java.lang.Object, java.lang.Object, java.lang.Object)'> (0x000000008f72b8b0) thrown at [./src/hotspot/share/interpreter/linkResolver.cpp, line 773]

Events (20 events):
Event: 17.800 loading class com/android/tools/r8/internal/jh
Event: 17.800 loading class com/android/tools/r8/internal/jh done
Event: 17.801 loading class com/android/tools/r8/internal/nh$a
Event: 17.801 loading class com/android/tools/r8/internal/nh$a done
Event: 17.801 loading class com/android/tools/r8/internal/K3
Event: 17.801 loading class com/android/tools/r8/internal/K3 done
Event: 17.801 loading class com/android/tools/r8/internal/k4$b
Event: 17.801 loading class com/android/tools/r8/internal/k4$b done
Event: 17.801 loading class com/android/tools/r8/internal/k4$b
Event: 17.801 loading class com/android/tools/r8/internal/k4$b done
Event: 17.801 loading class com/android/tools/r8/internal/l4
Event: 17.801 loading class com/android/tools/r8/internal/l4 done
Event: 17.802 loading class com/android/tools/r8/internal/k4$b
Event: 17.802 loading class com/android/tools/r8/internal/k4$b done
Event: 17.802 loading class com/android/tools/r8/internal/l4
Event: 17.802 loading class com/android/tools/r8/internal/l4 done
Event: 17.802 loading class com/android/tools/r8/internal/k4$b
Event: 17.802 loading class com/android/tools/r8/internal/k4$b done
Event: 17.802 loading class com/android/tools/r8/internal/l4
Event: 17.802 loading class com/android/tools/r8/internal/l4 done


Dynamic libraries:
0x00007ff73a2b0000 - 0x00007ff73a2ba000 	P:\Program Files\Android\Android Studio\jre\bin\java.exe
0x00007fff1acf0000 - 0x00007fff1aee5000 	C:\WINDOWS\SYSTEM32\ntdll.dll
0x00007fff18da0000 - 0x00007fff18e5e000 	C:\WINDOWS\System32\KERNEL32.DLL
0x00007fff18900000 - 0x00007fff18bc9000 	C:\WINDOWS\System32\KERNELBASE.dll
0x00007fff18570000 - 0x00007fff18670000 	C:\WINDOWS\System32\ucrtbase.dll
0x00007fff11150000 - 0x00007fff11167000 	P:\Program Files\Android\Android Studio\jre\bin\VCRUNTIME140.dll
0x00007fff11900000 - 0x00007fff11919000 	P:\Program Files\Android\Android Studio\jre\bin\jli.dll
0x00007fff19470000 - 0x00007fff19611000 	C:\WINDOWS\System32\USER32.dll
0x00007fff18bd0000 - 0x00007fff18bf2000 	C:\WINDOWS\System32\win32u.dll
0x00007ffeea9a0000 - 0x00007ffeeac3a000 	C:\WINDOWS\WinSxS\amd64_microsoft.windows.common-controls_6595b64144ccf1df_6.0.19041.1110_none_60b5254171f9507e\COMCTL32.dll
0x00007fff1a5f0000 - 0x00007fff1a61b000 	C:\WINDOWS\System32\GDI32.dll
0x00007fff19910000 - 0x00007fff199ae000 	C:\WINDOWS\System32\msvcrt.dll
0x00007fff18c30000 - 0x00007fff18d3b000 	C:\WINDOWS\System32\gdi32full.dll
0x00007fff18860000 - 0x00007fff188fd000 	C:\WINDOWS\System32\msvcp_win.dll
0x00007fff19070000 - 0x00007fff190a0000 	C:\WINDOWS\System32\IMM32.DLL
0x00007ffefa610000 - 0x00007ffefa6ad000 	P:\Program Files\Android\Android Studio\jre\bin\msvcp140.dll
0x00007ffec4bf0000 - 0x00007ffec56bf000 	P:\Program Files\Android\Android Studio\jre\bin\server\jvm.dll
0x00007fff196b0000 - 0x00007fff1975c000 	C:\WINDOWS\System32\ADVAPI32.dll
0x00007fff1a530000 - 0x00007fff1a5cb000 	C:\WINDOWS\System32\sechost.dll
0x00007fff19340000 - 0x00007fff1946a000 	C:\WINDOWS\System32\RPCRT4.dll
0x00007fff196a0000 - 0x00007fff196a8000 	C:\WINDOWS\System32\PSAPI.DLL
0x00007fff002b0000 - 0x00007fff002d7000 	C:\WINDOWS\SYSTEM32\WINMM.dll
0x00007fff134b0000 - 0x00007fff134ba000 	C:\WINDOWS\SYSTEM32\VERSION.dll
0x00007ffefeb50000 - 0x00007ffefeb59000 	C:\WINDOWS\SYSTEM32\WSOCK32.dll
0x00007fff19620000 - 0x00007fff1968b000 	C:\WINDOWS\System32\WS2_32.dll
0x00007fff16ce0000 - 0x00007fff16cf2000 	C:\WINDOWS\SYSTEM32\kernel.appcore.dll
0x00007ffefac10000 - 0x00007ffefac21000 	P:\Program Files\Android\Android Studio\jre\bin\verify.dll
0x00007fff12120000 - 0x00007fff12304000 	C:\WINDOWS\SYSTEM32\DBGHELP.DLL
0x00007fff11f20000 - 0x00007fff11f4c000 	C:\WINDOWS\SYSTEM32\dbgcore.DLL
0x00007fff18670000 - 0x00007fff186f3000 	C:\WINDOWS\System32\bcryptPrimitives.dll
0x00007ffeebe70000 - 0x00007ffeebe99000 	P:\Program Files\Android\Android Studio\jre\bin\java.dll
0x00007ffefa3c0000 - 0x00007ffefa3cb000 	P:\Program Files\Android\Android Studio\jre\bin\jimage.dll
0x00007ffeecc90000 - 0x00007ffeecca8000 	P:\Program Files\Android\Android Studio\jre\bin\zip.dll
0x00007fff19d10000 - 0x00007fff1a44f000 	C:\WINDOWS\System32\SHELL32.dll
0x00007fff16510000 - 0x00007fff16ca0000 	C:\WINDOWS\SYSTEM32\windows.storage.dll
0x00007fff199b0000 - 0x00007fff19d05000 	C:\WINDOWS\System32\combase.dll
0x00007fff17d90000 - 0x00007fff17dbc000 	C:\WINDOWS\SYSTEM32\Wldp.dll
0x00007fff19290000 - 0x00007fff1933d000 	C:\WINDOWS\System32\SHCORE.dll
0x00007fff19150000 - 0x00007fff191a5000 	C:\WINDOWS\System32\shlwapi.dll
0x00007fff18350000 - 0x00007fff1836f000 	C:\WINDOWS\SYSTEM32\profapi.dll
0x00007ffeeae40000 - 0x00007ffeeae5a000 	P:\Program Files\Android\Android Studio\jre\bin\net.dll
0x00007fff11af0000 - 0x00007fff11bf8000 	C:\WINDOWS\SYSTEM32\WINHTTP.dll
0x00007fff17af0000 - 0x00007fff17b5a000 	C:\WINDOWS\system32\mswsock.dll
0x00007ffeea7e0000 - 0x00007ffeea7f4000 	P:\Program Files\Android\Android Studio\jre\bin\nio.dll
0x00007ffec67b0000 - 0x00007ffec67d7000 	C:\Users\Sergey Ivanenko\.gradle\native\8bec1ad78214c89d9ad589b4d07fe93259594b29d510b10fafb7a158f7737e5d\windows-amd64\native-platform.dll
0x00007ffeb2f40000 - 0x00007ffeb307d000 	C:\Users\Sergey Ivanenko\.gradle\native\53dbd7edfb1c66fb8903c78663c9afc45aea4f116125fa6feffd364cf09443e8\windows-amd64\native-platform-file-events.dll
0x00007ffefa3b0000 - 0x00007ffefa3ba000 	P:\Program Files\Android\Android Studio\jre\bin\management.dll
0x00007ffef7d70000 - 0x00007ffef7d7c000 	P:\Program Files\Android\Android Studio\jre\bin\management_ext.dll
0x00007fff17ce0000 - 0x00007fff17cf8000 	C:\WINDOWS\SYSTEM32\CRYPTSP.dll
0x00007fff17470000 - 0x00007fff174a4000 	C:\WINDOWS\system32\rsaenh.dll
0x00007fff18c00000 - 0x00007fff18c27000 	C:\WINDOWS\System32\bcrypt.dll
0x00007fff182d0000 - 0x00007fff182fe000 	C:\WINDOWS\SYSTEM32\USERENV.dll
0x00007fff17d00000 - 0x00007fff17d0c000 	C:\WINDOWS\SYSTEM32\CRYPTBASE.dll
0x00007fff177e0000 - 0x00007fff1781b000 	C:\WINDOWS\SYSTEM32\IPHLPAPI.DLL
0x00007fff191b0000 - 0x00007fff191b8000 	C:\WINDOWS\System32\NSI.dll
0x00007fff13200000 - 0x00007fff13217000 	C:\WINDOWS\SYSTEM32\dhcpcsvc6.DLL
0x00007fff131e0000 - 0x00007fff131fd000 	C:\WINDOWS\SYSTEM32\dhcpcsvc.DLL
0x00007fff17820000 - 0x00007fff178ec000 	C:\WINDOWS\SYSTEM32\DNSAPI.dll
0x00007fff11130000 - 0x00007fff1114e000 	C:\Users\Sergey Ivanenko\AppData\Local\Temp\native-platform18231081491617089905dir\native-platform.dll
0x00007fff12950000 - 0x00007fff12958000 	P:\Program Files\Android\Android Studio\jre\bin\rmi.dll

dbghelp: loaded successfully - version: 4.0.5 - missing functions: none
symbol engine: initialized successfully - sym options: 0x614 - pdb path: .;P:\Program Files\Android\Android Studio\jre\bin;C:\WINDOWS\SYSTEM32;C:\WINDOWS\WinSxS\amd64_microsoft.windows.common-controls_6595b64144ccf1df_6.0.19041.1110_none_60b5254171f9507e;P:\Program Files\Android\Android Studio\jre\bin\server;C:\Users\Sergey Ivanenko\.gradle\native\8bec1ad78214c89d9ad589b4d07fe93259594b29d510b10fafb7a158f7737e5d\windows-amd64;C:\Users\Sergey Ivanenko\.gradle\native\53dbd7edfb1c66fb8903c78663c9afc45aea4f116125fa6feffd364cf09443e8\windows-amd64;C:\Users\Sergey Ivanenko\AppData\Local\Temp\native-platform18231081491617089905dir

VM Arguments:
jvm_args: --add-opens=java.base/java.util=ALL-UNNAMED --add-opens=java.base/java.lang=ALL-UNNAMED --add-opens=java.base/java.lang.invoke=ALL-UNNAMED --add-opens=java.base/java.util=ALL-UNNAMED --add-opens=java.prefs/java.util.prefs=ALL-UNNAMED --add-opens=java.prefs/java.util.prefs=ALL-UNNAMED --add-opens=java.base/java.nio.charset=ALL-UNNAMED --add-opens=java.base/java.net=ALL-UNNAMED --add-opens=java.base/java.util.concurrent.atomic=ALL-UNNAMED -Xmx2048m -Dfile.encoding=UTF-8 -Duser.country=RU -Duser.language=ru -Duser.variant 
java_command: org.gradle.launcher.daemon.bootstrap.GradleDaemon 7.0.2
java_class_path (initial): C:\Users\Sergey Ivanenko\.gradle\wrapper\dists\gradle-7.0.2-bin\857tjihv64xamwrf0h14cai3r\gradle-7.0.2\lib\gradle-launcher-7.0.2.jar
Launcher Type: SUN_STANDARD

[Global flags]
     intx CICompilerCount                          = 4                                         {product} {ergonomic}
     uint ConcGCThreads                            = 2                                         {product} {ergonomic}
     uint G1ConcRefinementThreads                  = 8                                         {product} {ergonomic}
   size_t G1HeapRegionSize                         = 1048576                                   {product} {ergonomic}
    uintx GCDrainStackTargetSize                   = 64                                        {product} {ergonomic}
   size_t InitialHeapSize                          = 264241152                                 {product} {ergonomic}
   size_t MarkStackSize                            = 4194304                                   {product} {ergonomic}
   size_t MaxHeapSize                              = 2147483648                                {product} {command line}
   size_t MaxNewSize                               = 1287651328                                {product} {ergonomic}
   size_t MinHeapDeltaBytes                        = 1048576                                   {product} {ergonomic}
    uintx NonNMethodCodeHeapSize                   = 5836300                                {pd product} {ergonomic}
    uintx NonProfiledCodeHeapSize                  = 122910970                              {pd product} {ergonomic}
    uintx ProfiledCodeHeapSize                     = 122910970                              {pd product} {ergonomic}
    uintx ReservedCodeCacheSize                    = 251658240                              {pd product} {ergonomic}
     bool SegmentedCodeCache                       = true                                      {product} {ergonomic}
     bool UseCompressedClassPointers               = true                                 {lp64_product} {ergonomic}
     bool UseCompressedOops                        = true                                 {lp64_product} {ergonomic}
     bool UseG1GC                                  = true                                      {product} {ergonomic}
     bool UseLargePagesIndividualAllocation        = false                                  {pd product} {ergonomic}

Logging:
Log output configuration:
 #0: stdout all=warning uptime,level,tags
 #1: stderr all=off uptime,level,tags

Environment Variables:
JAVA_HOME=C:\Program Files\Java\jdk1.8.0_201
PATH=C:\Program Files (x86)\Common Files\Oracle\Java\javapath;C:\Program Files (x86)\Intel\Intel(R) Management Engine Components\iCLS\;C:\Program Files\Intel\Intel(R) Management Engine Components\iCLS\;C:\WINDOWS\system32;C:\WINDOWS;C:\WINDOWS\System32\Wbem;C:\WINDOWS\System32\WindowsPowerShell\v1.0\;C:\WINDOWS\System32\OpenSSH\;C:\Program Files (x86)\Common Files\Acronis\SnapAPI\;C:\Program Files (x86)\Intel\Intel(R) Management Engine Components\DAL;C:\Program Files\Intel\Intel(R) Management Engine Components\DAL;C:\Program Files (x86)\Intel\Intel(R) Management Engine Components\IPT;C:\Program Files\Intel\Intel(R) Management Engine Components\IPT;D:\Java course JD2\apache-maven-3.5.4\bin;C:\Program Files\Java\bin;P:\Program Files\Git\cmd;C:\Program Files\dotnet\;C:\Program Files\Crucial\Crucial Storage Executive;C:\Program Files\nodejs\;C:\Users\Sergey Ivanenko\AppData\Local\Microsoft\WindowsApps;;P:\Program Files\Microsoft VS Code\bin;C:\Users\Sergey Ivanenko\.dotnet\tools;C:\Users\Sergey Ivanenko\AppData\Roaming\npm
USERNAME=Sergey Ivanenko
OS=Windows_NT
PROCESSOR_IDENTIFIER=Intel64 Family 6 Model 158 Stepping 9, GenuineIntel



---------------  S Y S T E M  ---------------

OS: Windows 10 , 64 bit Build 19041 (10.0.19041.1202)
OS uptime: 1 days 2:45 hours

CPU:total 8 (initial active 8) (4 cores per cpu, 2 threads per core) family 6 model 158 stepping 9 microcode 0xb4, cmov, cx8, fxsr, mmx, sse, sse2, sse3, ssse3, sse4.1, sse4.2, popcnt, avx, avx2, aes, clmul, erms, rtm, 3dnowpref, lzcnt, ht, tsc, tscinvbit, bmi1, bmi2, adx, fma

Memory: 4k page, system-wide physical 16084M (458M free)
TotalPageFile size 28512M (AvailPageFile size 6M)
current process WorkingSet (physical memory assigned to process): 528M, peak: 531M
current process commit charge ("private bytes"): 570M, peak: 573M

vm_info: OpenJDK 64-Bit Server VM (11.0.10+0-b96-7249189) for windows-amd64 JRE (11.0.10+0-b96-7249189), built on Mar 31 2021 21:44:00 by "builder" with MS VC++ 14.0 (VS2015)

END.
